{"/app/src/components/auth/ProtectedRoute.tsx": {"path":"/app/src/components/auth/ProtectedRoute.tsx","statementMap":{"0":{"start":{"line":38,"column":0},"end":{"line":38,"column":15}},"1":{"start":{"line":1,"column":33},"end":{"line":1,"column":null}},"2":{"start":{"line":2,"column":26},"end":{"line":2,"column":null}},"3":{"start":{"line":3,"column":24},"end":{"line":3,"column":null}},"4":{"start":{"line":10,"column":54},"end":{"line":36,"column":null}},"5":{"start":{"line":14,"column":39},"end":{"line":14,"column":null}},"6":{"start":{"line":15,"column":17},"end":{"line":15,"column":null}},"7":{"start":{"line":17,"column":2},"end":{"line":21,"column":null}},"8":{"start":{"line":18,"column":4},"end":{"line":20,"column":null}},"9":{"start":{"line":19,"column":6},"end":{"line":19,"column":null}},"10":{"start":{"line":23,"column":2},"end":{"line":29,"column":null}},"11":{"start":{"line":31,"column":2},"end":{"line":33,"column":null}},"12":{"start":{"line":32,"column":4},"end":{"line":32,"column":null}},"13":{"start":{"line":38,"column":15},"end":{"line":38,"column":null}}},"fnMap":{"0":{"name":"(anonymous_4)","decl":{"start":{"line":10,"column":54},"end":{"line":10,"column":55}},"loc":{"start":{"line":13,"column":1},"end":{"line":36,"column":null}}},"1":{"name":"(anonymous_5)","decl":{"start":{"line":17,"column":12},"end":{"line":17,"column":null}},"loc":{"start":{"line":17,"column":12},"end":{"line":21,"column":5}}}},"branchMap":{"0":{"loc":{"start":{"line":12,"column":2},"end":{"line":12,"column":23}},"type":"default-arg","locations":[{"start":{"line":12,"column":15},"end":{"line":12,"column":23}}]},"1":{"loc":{"start":{"line":18,"column":4},"end":{"line":20,"column":null}},"type":"if","locations":[{"start":{"line":18,"column":4},"end":{"line":20,"column":null}}]},"2":{"loc":{"start":{"line":18,"column":8},"end":{"line":18,"column":38}},"type":"binary-expr","locations":[{"start":{"line":18,"column":8},"end":{"line":18,"column":20}},{"start":{"line":18,"column":20},"end":{"line":18,"column":38}}]},"3":{"loc":{"start":{"line":23,"column":2},"end":{"line":29,"column":null}},"type":"if","locations":[{"start":{"line":23,"column":2},"end":{"line":29,"column":null}}]},"4":{"loc":{"start":{"line":31,"column":2},"end":{"line":33,"column":null}},"type":"if","locations":[{"start":{"line":31,"column":2},"end":{"line":33,"column":null}}]}},"s":{"0":0,"1":0,"2":0,"3":0,"4":0,"5":0,"6":0,"7":0,"8":0,"9":0,"10":0,"11":0,"12":0,"13":0},"f":{"0":0,"1":0},"b":{"0":[0],"1":[0],"2":[0,0],"3":[0],"4":[0]}}
,"/app/src/components/hosts/HostCard.tsx": {"path":"/app/src/components/hosts/HostCard.tsx","statementMap":{"0":{"start":{"line":168,"column":0},"end":{"line":168,"column":15}},"1":{"start":{"line":1,"column":18},"end":{"line":1,"column":null}},"2":{"start":{"line":2,"column":17},"end":{"line":2,"column":null}},"3":{"start":{"line":4,"column":34},"end":{"line":4,"column":null}},"4":{"start":{"line":5,"column":19},"end":{"line":5,"column":null}},"5":{"start":{"line":6,"column":66},"end":{"line":6,"column":null}},"6":{"start":{"line":16,"column":42},"end":{"line":166,"column":null}},"7":{"start":{"line":23,"column":25},"end":{"line":40,"column":null}},"8":{"start":{"line":24,"column":4},"end":{"line":39,"column":null}},"9":{"start":{"line":38,"column":8},"end":{"line":38,"column":null}},"10":{"start":{"line":63,"column":16},"end":{"line":63,"column":null}},"11":{"start":{"line":64,"column":16},"end":{"line":64,"column":null}},"12":{"start":{"line":116,"column":16},"end":{"line":116,"column":33}},"13":{"start":{"line":132,"column":18},"end":{"line":133,"column":null}},"14":{"start":{"line":168,"column":15},"end":{"line":168,"column":null}}},"fnMap":{"0":{"name":"(anonymous_2)","decl":{"start":{"line":16,"column":42},"end":{"line":16,"column":43}},"loc":{"start":{"line":22,"column":1},"end":{"line":166,"column":null}}},"1":{"name":"(anonymous_3)","decl":{"start":{"line":23,"column":25},"end":{"line":23,"column":26}},"loc":{"start":{"line":23,"column":26},"end":{"line":40,"column":null}}},"2":{"name":"(anonymous_4)","decl":{"start":{"line":62,"column":23},"end":{"line":62,"column":24}},"loc":{"start":{"line":62,"column":24},"end":{"line":65,"column":null}}},"3":{"name":"(anonymous_5)","decl":{"start":{"line":115,"column":46},"end":{"line":115,"column":47}},"loc":{"start":{"line":116,"column":16},"end":{"line":116,"column":33}}},"4":{"name":"(anonymous_6)","decl":{"start":{"line":131,"column":49},"end":{"line":131,"column":50}},"loc":{"start":{"line":132,"column":18},"end":{"line":133,"column":null}}}},"branchMap":{"0":{"loc":{"start":{"line":21,"column":2},"end":{"line":21,"column":20}},"type":"default-arg","locations":[{"start":{"line":21,"column":15},"end":{"line":21,"column":20}}]},"1":{"loc":{"start":{"line":24,"column":4},"end":{"line":39,"column":null}},"type":"switch","locations":[{"start":{"line":25,"column":6},"end":{"line":25,"column":null}},{"start":{"line":28,"column":6},"end":{"line":28,"column":null}},{"start":{"line":31,"column":6},"end":{"line":31,"column":null}},{"start":{"line":34,"column":6},"end":{"line":34,"column":null}},{"start":{"line":37,"column":6},"end":{"line":38,"column":null}}]},"2":{"loc":{"start":{"line":48,"column":12},"end":{"line":54,"column":13}},"type":"cond-expr","locations":[{"start":{"line":48,"column":12},"end":{"line":54,"column":13}}]},"3":{"loc":{"start":{"line":47,"column":11},"end":{"line":47,"column":null}},"type":"binary-expr","locations":[{"start":{"line":47,"column":11},"end":{"line":47,"column":22}},{"start":{"line":47,"column":26},"end":{"line":47,"column":null}}]},"4":{"loc":{"start":{"line":60,"column":11},"end":{"line":60,"column":null}},"type":"binary-expr","locations":[{"start":{"line":60,"column":11},"end":{"line":60,"column":null}}]},"5":{"loc":{"start":{"line":67,"column":16},"end":{"line":69,"column":null}},"type":"cond-expr","locations":[{"start":{"line":68,"column":20},"end":{"line":68,"column":null}},{"start":{"line":69,"column":20},"end":{"line":69,"column":null}}]},"6":{"loc":{"start":{"line":72,"column":43},"end":{"line":72,"column":76}},"type":"cond-expr","locations":[{"start":{"line":72,"column":56},"end":{"line":72,"column":73}},{"start":{"line":72,"column":73},"end":{"line":72,"column":76}}]},"7":{"loc":{"start":{"line":77,"column":11},"end":{"line":77,"column":null}},"type":"binary-expr","locations":[{"start":{"line":77,"column":11},"end":{"line":77,"column":null}}]},"8":{"loc":{"start":{"line":113,"column":11},"end":{"line":113,"column":25}},"type":"binary-expr","locations":[{"start":{"line":113,"column":11},"end":{"line":113,"column":25}},{"start":{"line":113,"column":29},"end":{"line":113,"column":null}}]},"9":{"loc":{"start":{"line":121,"column":15},"end":{"line":121,"column":null}},"type":"binary-expr","locations":[{"start":{"line":121,"column":15},"end":{"line":121,"column":null}}]},"10":{"loc":{"start":{"line":128,"column":11},"end":{"line":128,"column":30}},"type":"binary-expr","locations":[{"start":{"line":128,"column":11},"end":{"line":128,"column":30}},{"start":{"line":128,"column":30},"end":{"line":128,"column":null}}]},"11":{"loc":{"start":{"line":139,"column":17},"end":{"line":139,"column":null}},"type":"binary-expr","locations":[{"start":{"line":139,"column":17},"end":{"line":139,"column":null}}]},"12":{"loc":{"start":{"line":149,"column":15},"end":{"line":149,"column":35}},"type":"binary-expr","locations":[{"start":{"line":149,"column":15},"end":{"line":149,"column":35}}]}},"s":{"0":6,"1":1,"2":1,"3":1,"4":1,"5":1,"6":1,"7":6,"8":12,"9":6,"10":0,"11":0,"12":12,"13":0,"14":1},"f":{"0":6,"1":12,"2":0,"3":12,"4":0},"b":{"0":[6],"1":[6,0,0,0,6],"2":[6],"3":[6,6],"4":[6],"5":[0,1],"6":[0,1],"7":[6],"8":[6,6],"9":[6],"10":[6,0],"11":[0],"12":[6]}}
,"/app/src/components/hosts/SearchFilters.tsx": {"path":"/app/src/components/hosts/SearchFilters.tsx","statementMap":{"0":{"start":{"line":238,"column":0},"end":{"line":238,"column":15}},"1":{"start":{"line":1,"column":18},"end":{"line":1,"column":null}},"2":{"start":{"line":2,"column":24},"end":{"line":2,"column":null}},"3":{"start":{"line":3,"column":19},"end":{"line":3,"column":null}},"4":{"start":{"line":4,"column":18},"end":{"line":4,"column":null}},"5":{"start":{"line":5,"column":57},"end":{"line":5,"column":null}},"6":{"start":{"line":7,"column":34},"end":{"line":7,"column":null}},"7":{"start":{"line":16,"column":24},"end":{"line":19,"column":null}},"8":{"start":{"line":21,"column":25},"end":{"line":26,"column":null}},"9":{"start":{"line":28,"column":52},"end":{"line":236,"column":null}},"10":{"start":{"line":34,"column":38},"end":{"line":34,"column":null}},"11":{"start":{"line":35,"column":52},"end":{"line":35,"column":null}},"12":{"start":{"line":36,"column":52},"end":{"line":36,"column":null}},"13":{"start":{"line":43,"column":6},"end":{"line":45,"column":null}},"14":{"start":{"line":47,"column":24},"end":{"line":47,"column":null}},"15":{"start":{"line":49,"column":2},"end":{"line":56,"column":null}},"16":{"start":{"line":50,"column":23},"end":{"line":54,"column":null}},"17":{"start":{"line":55,"column":4},"end":{"line":55,"column":null}},"18":{"start":{"line":58,"column":30},"end":{"line":64,"column":null}},"19":{"start":{"line":59,"column":4},"end":{"line":62,"column":null}},"20":{"start":{"line":60,"column":6},"end":{"line":62,"column":null}},"21":{"start":{"line":61,"column":27},"end":{"line":61,"column":null}},"22":{"start":{"line":66,"column":31},"end":{"line":72,"column":null}},"23":{"start":{"line":67,"column":4},"end":{"line":70,"column":null}},"24":{"start":{"line":68,"column":6},"end":{"line":70,"column":null}},"25":{"start":{"line":69,"column":27},"end":{"line":69,"column":null}},"26":{"start":{"line":74,"column":29},"end":{"line":85,"column":null}},"27":{"start":{"line":75,"column":4},"end":{"line":82,"column":null}},"28":{"start":{"line":83,"column":4},"end":{"line":83,"column":null}},"29":{"start":{"line":84,"column":4},"end":{"line":84,"column":null}},"30":{"start":{"line":87,"column":19},"end":{"line":89,"column":null}},"31":{"start":{"line":88,"column":4},"end":{"line":88,"column":null}},"32":{"start":{"line":102,"column":27},"end":{"line":102,"column":null}},"33":{"start":{"line":171,"column":20},"end":{"line":172,"column":null}},"34":{"start":{"line":174,"column":37},"end":{"line":174,"column":null}},"35":{"start":{"line":194,"column":20},"end":{"line":195,"column":null}},"36":{"start":{"line":197,"column":37},"end":{"line":197,"column":null}},"37":{"start":{"line":238,"column":15},"end":{"line":238,"column":null}}},"fnMap":{"0":{"name":"(anonymous_2)","decl":{"start":{"line":28,"column":52},"end":{"line":28,"column":53}},"loc":{"start":{"line":33,"column":1},"end":{"line":236,"column":null}}},"1":{"name":"(anonymous_3)","decl":{"start":{"line":49,"column":18},"end":{"line":49,"column":null}},"loc":{"start":{"line":49,"column":18},"end":{"line":56,"column":5}}},"2":{"name":"(anonymous_4)","decl":{"start":{"line":58,"column":30},"end":{"line":58,"column":31}},"loc":{"start":{"line":58,"column":31},"end":{"line":64,"column":null}}},"3":{"name":"(anonymous_5)","decl":{"start":{"line":59,"column":25},"end":{"line":59,"column":null}},"loc":{"start":{"line":60,"column":6},"end":{"line":62,"column":null}}},"4":{"name":"(anonymous_6)","decl":{"start":{"line":61,"column":22},"end":{"line":61,"column":27}},"loc":{"start":{"line":61,"column":27},"end":{"line":61,"column":null}}},"5":{"name":"(anonymous_7)","decl":{"start":{"line":66,"column":31},"end":{"line":66,"column":32}},"loc":{"start":{"line":66,"column":32},"end":{"line":72,"column":null}}},"6":{"name":"(anonymous_8)","decl":{"start":{"line":67,"column":25},"end":{"line":67,"column":null}},"loc":{"start":{"line":68,"column":6},"end":{"line":70,"column":null}}},"7":{"name":"(anonymous_9)","decl":{"start":{"line":69,"column":22},"end":{"line":69,"column":27}},"loc":{"start":{"line":69,"column":27},"end":{"line":69,"column":null}}},"8":{"name":"(anonymous_10)","decl":{"start":{"line":74,"column":29},"end":{"line":74,"column":null}},"loc":{"start":{"line":74,"column":29},"end":{"line":85,"column":null}}},"9":{"name":"(anonymous_11)","decl":{"start":{"line":87,"column":19},"end":{"line":87,"column":null}},"loc":{"start":{"line":87,"column":19},"end":{"line":89,"column":null}}},"10":{"name":"(anonymous_12)","decl":{"start":{"line":102,"column":21},"end":{"line":102,"column":27}},"loc":{"start":{"line":102,"column":27},"end":{"line":102,"column":null}}},"11":{"name":"(anonymous_13)","decl":{"start":{"line":170,"column":39},"end":{"line":170,"column":40}},"loc":{"start":{"line":171,"column":20},"end":{"line":172,"column":null}}},"12":{"name":"(anonymous_14)","decl":{"start":{"line":174,"column":31},"end":{"line":174,"column":37}},"loc":{"start":{"line":174,"column":37},"end":{"line":174,"column":null}}},"13":{"name":"(anonymous_15)","decl":{"start":{"line":193,"column":40},"end":{"line":193,"column":41}},"loc":{"start":{"line":194,"column":20},"end":{"line":195,"column":null}}},"14":{"name":"(anonymous_16)","decl":{"start":{"line":197,"column":31},"end":{"line":197,"column":37}},"loc":{"start":{"line":197,"column":37},"end":{"line":197,"column":null}}}},"branchMap":{"0":{"loc":{"start":{"line":32,"column":2},"end":{"line":32,"column":19}},"type":"default-arg","locations":[{"start":{"line":32,"column":14},"end":{"line":32,"column":19}}]},"1":{"loc":{"start":{"line":35,"column":77},"end":{"line":35,"column":100}},"type":"binary-expr","locations":[{"start":{"line":35,"column":77},"end":{"line":35,"column":94}},{"start":{"line":35,"column":98},"end":{"line":35,"column":100}}]},"2":{"loc":{"start":{"line":36,"column":77},"end":{"line":36,"column":100}},"type":"binary-expr","locations":[{"start":{"line":36,"column":77},"end":{"line":36,"column":94}},{"start":{"line":36,"column":98},"end":{"line":36,"column":100}}]},"3":{"loc":{"start":{"line":60,"column":6},"end":{"line":62,"column":null}},"type":"cond-expr","locations":[{"start":{"line":61,"column":10},"end":{"line":61,"column":null}},{"start":{"line":62,"column":10},"end":{"line":62,"column":null}}]},"4":{"loc":{"start":{"line":68,"column":6},"end":{"line":70,"column":null}},"type":"cond-expr","locations":[{"start":{"line":69,"column":10},"end":{"line":69,"column":null}},{"start":{"line":70,"column":10},"end":{"line":70,"column":null}}]},"5":{"loc":{"start":{"line":105,"column":13},"end":{"line":105,"column":null}},"type":"cond-expr","locations":[{"start":{"line":105,"column":26},"end":{"line":105,"column":35}},{"start":{"line":105,"column":35},"end":{"line":105,"column":null}}]},"6":{"loc":{"start":{"line":141,"column":11},"end":{"line":141,"column":null}},"type":"binary-expr","locations":[{"start":{"line":141,"column":11},"end":{"line":141,"column":null}}]},"7":{"loc":{"start":{"line":176,"column":24},"end":{"line":178,"column":null}},"type":"cond-expr","locations":[{"start":{"line":177,"column":28},"end":{"line":177,"column":null}},{"start":{"line":178,"column":28},"end":{"line":178,"column":null}}]},"8":{"loc":{"start":{"line":199,"column":24},"end":{"line":201,"column":null}},"type":"cond-expr","locations":[{"start":{"line":200,"column":28},"end":{"line":200,"column":null}},{"start":{"line":201,"column":28},"end":{"line":201,"column":null}}]}},"s":{"0":9,"1":1,"2":1,"3":1,"4":1,"5":1,"6":1,"7":1,"8":1,"9":1,"10":10,"11":10,"12":10,"13":10,"14":10,"15":10,"16":10,"17":10,"18":10,"19":0,"20":0,"21":0,"22":10,"23":0,"24":0,"25":0,"26":10,"27":1,"28":1,"29":1,"30":10,"31":0,"32":0,"33":0,"34":0,"35":0,"36":0,"37":1},"f":{"0":10,"1":10,"2":0,"3":0,"4":0,"5":0,"6":0,"7":0,"8":1,"9":0,"10":0,"11":0,"12":0,"13":0,"14":0},"b":{"0":[10],"1":[10,0],"2":[10,10],"3":[0,0],"4":[0,0],"5":[0,10],"6":[10],"7":[0,0],"8":[0,0]}}
,"/app/src/components/layout/BottomNavigation.tsx": {"path":"/app/src/components/layout/BottomNavigation.tsx","statementMap":{"0":{"start":{"line":84,"column":0},"end":{"line":84,"column":15}},"1":{"start":{"line":1,"column":18},"end":{"line":1,"column":null}},"2":{"start":{"line":2,"column":17},"end":{"line":2,"column":null}},"3":{"start":{"line":3,"column":26},"end":{"line":3,"column":null}},"4":{"start":{"line":4,"column":24},"end":{"line":4,"column":null}},"5":{"start":{"line":5,"column":30},"end":{"line":5,"column":null}},"6":{"start":{"line":6,"column":60},"end":{"line":6,"column":null}},"7":{"start":{"line":8,"column":35},"end":{"line":82,"column":null}},"8":{"start":{"line":9,"column":17},"end":{"line":9,"column":null}},"9":{"start":{"line":10,"column":30},"end":{"line":10,"column":null}},"10":{"start":{"line":11,"column":23},"end":{"line":11,"column":null}},"11":{"start":{"line":13,"column":2},"end":{"line":13,"column":null}},"12":{"start":{"line":13,"column":17},"end":{"line":13,"column":null}},"13":{"start":{"line":15,"column":19},"end":{"line":55,"column":null}},"14":{"start":{"line":61,"column":23},"end":{"line":61,"column":32}},"15":{"start":{"line":62,"column":10},"end":{"line":64,"column":null}},"16":{"start":{"line":84,"column":15},"end":{"line":84,"column":null}}},"fnMap":{"0":{"name":"(anonymous_2)","decl":{"start":{"line":8,"column":35},"end":{"line":8,"column":null}},"loc":{"start":{"line":8,"column":35},"end":{"line":82,"column":null}}},"1":{"name":"(anonymous_3)","decl":{"start":{"line":60,"column":22},"end":{"line":60,"column":23}},"loc":{"start":{"line":60,"column":23},"end":{"line":78,"column":null}}}},"branchMap":{"0":{"loc":{"start":{"line":13,"column":2},"end":{"line":13,"column":null}},"type":"if","locations":[{"start":{"line":13,"column":2},"end":{"line":13,"column":null}}]},"1":{"loc":{"start":{"line":28,"column":8},"end":{"line":54,"column":null}},"type":"cond-expr","locations":[{"start":{"line":28,"column":26},"end":{"line":47,"column":8}},{"start":{"line":47,"column":8},"end":{"line":54,"column":null}}]},"2":{"loc":{"start":{"line":52,"column":16},"end":{"line":52,"column":null}},"type":"binary-expr","locations":[{"start":{"line":52,"column":16},"end":{"line":52,"column":48}},{"start":{"line":52,"column":48},"end":{"line":52,"column":null}}]},"3":{"loc":{"start":{"line":67,"column":16},"end":{"line":69,"column":null}},"type":"cond-expr","locations":[{"start":{"line":68,"column":20},"end":{"line":68,"column":null}},{"start":{"line":69,"column":20},"end":{"line":69,"column":null}}]},"4":{"loc":{"start":{"line":72,"column":47},"end":{"line":72,"column":95}},"type":"cond-expr","locations":[{"start":{"line":72,"column":61},"end":{"line":72,"column":79}},{"start":{"line":72,"column":79},"end":{"line":72,"column":95}}]},"5":{"loc":{"start":{"line":73,"column":51},"end":{"line":73,"column":111}},"type":"cond-expr","locations":[{"start":{"line":73,"column":65},"end":{"line":73,"column":95}},{"start":{"line":73,"column":95},"end":{"line":73,"column":111}}]}},"s":{"0":0,"1":0,"2":0,"3":0,"4":0,"5":0,"6":0,"7":0,"8":0,"9":0,"10":0,"11":0,"12":0,"13":0,"14":0,"15":0,"16":0},"f":{"0":0,"1":0},"b":{"0":[0],"1":[0,0],"2":[0,0],"3":[0,0],"4":[0,0],"5":[0,0]}}
,"/app/src/components/layout/Footer.tsx": {"path":"/app/src/components/layout/Footer.tsx","statementMap":{"0":{"start":{"line":88,"column":0},"end":{"line":88,"column":15}},"1":{"start":{"line":1,"column":18},"end":{"line":1,"column":null}},"2":{"start":{"line":2,"column":17},"end":{"line":2,"column":null}},"3":{"start":{"line":4,"column":25},"end":{"line":86,"column":null}},"4":{"start":{"line":88,"column":15},"end":{"line":88,"column":null}}},"fnMap":{"0":{"name":"(anonymous_2)","decl":{"start":{"line":4,"column":25},"end":{"line":4,"column":null}},"loc":{"start":{"line":4,"column":25},"end":{"line":86,"column":null}}}},"branchMap":{},"s":{"0":0,"1":0,"2":0,"3":0,"4":0},"f":{"0":0},"b":{}}
,"/app/src/components/layout/Header.tsx": {"path":"/app/src/components/layout/Header.tsx","statementMap":{"0":{"start":{"line":130,"column":0},"end":{"line":130,"column":15}},"1":{"start":{"line":1,"column":18},"end":{"line":1,"column":null}},"2":{"start":{"line":2,"column":17},"end":{"line":2,"column":null}},"3":{"start":{"line":3,"column":19},"end":{"line":3,"column":null}},"4":{"start":{"line":4,"column":24},"end":{"line":4,"column":null}},"5":{"start":{"line":5,"column":30},"end":{"line":5,"column":null}},"6":{"start":{"line":6,"column":38},"end":{"line":6,"column":null}},"7":{"start":{"line":8,"column":25},"end":{"line":128,"column":null}},"8":{"start":{"line":9,"column":38},"end":{"line":9,"column":null}},"9":{"start":{"line":10,"column":44},"end":{"line":10,"column":null}},"10":{"start":{"line":11,"column":23},"end":{"line":11,"column":null}},"11":{"start":{"line":73,"column":29},"end":{"line":73,"column":null}},"12":{"start":{"line":130,"column":15},"end":{"line":130,"column":null}}},"fnMap":{"0":{"name":"(anonymous_2)","decl":{"start":{"line":8,"column":25},"end":{"line":8,"column":null}},"loc":{"start":{"line":8,"column":25},"end":{"line":128,"column":null}}},"1":{"name":"(anonymous_3)","decl":{"start":{"line":73,"column":23},"end":{"line":73,"column":29}},"loc":{"start":{"line":73,"column":29},"end":{"line":73,"column":null}}}},"branchMap":{"0":{"loc":{"start":{"line":34,"column":14},"end":{"line":54,"column":15}},"type":"cond-expr","locations":[{"start":{"line":34,"column":14},"end":{"line":54,"column":15}}]},"1":{"loc":{"start":{"line":70,"column":11},"end":{"line":70,"column":null}},"type":"binary-expr","locations":[{"start":{"line":70,"column":11},"end":{"line":70,"column":null}}]},"2":{"loc":{"start":{"line":76,"column":16},"end":{"line":78,"column":17}},"type":"cond-expr","locations":[{"start":{"line":76,"column":16},"end":{"line":78,"column":17}}]},"3":{"loc":{"start":{"line":85,"column":9},"end":{"line":85,"column":null}},"type":"binary-expr","locations":[{"start":{"line":85,"column":9},"end":{"line":85,"column":null}}]},"4":{"loc":{"start":{"line":95,"column":16},"end":{"line":113,"column":null}},"type":"cond-expr","locations":[{"start":{"line":95,"column":16},"end":{"line":113,"column":null}}]}},"s":{"0":0,"1":0,"2":0,"3":0,"4":0,"5":0,"6":0,"7":0,"8":0,"9":0,"10":0,"11":0,"12":0},"f":{"0":0,"1":0},"b":{"0":[0],"1":[0],"2":[0],"3":[0],"4":[0]}}
,"/app/src/components/layout/Layout.tsx": {"path":"/app/src/components/layout/Layout.tsx","statementMap":{"0":{"start":{"line":34,"column":0},"end":{"line":34,"column":15}},"1":{"start":{"line":1,"column":18},"end":{"line":1,"column":null}},"2":{"start":{"line":2,"column":19},"end":{"line":2,"column":null}},"3":{"start":{"line":3,"column":19},"end":{"line":3,"column":null}},"4":{"start":{"line":4,"column":29},"end":{"line":4,"column":null}},"5":{"start":{"line":5,"column":30},"end":{"line":5,"column":null}},"6":{"start":{"line":14,"column":38},"end":{"line":32,"column":null}},"7":{"start":{"line":20,"column":23},"end":{"line":20,"column":null}},"8":{"start":{"line":34,"column":15},"end":{"line":34,"column":null}}},"fnMap":{"0":{"name":"(anonymous_2)","decl":{"start":{"line":14,"column":38},"end":{"line":14,"column":39}},"loc":{"start":{"line":19,"column":1},"end":{"line":32,"column":null}}}},"branchMap":{"0":{"loc":{"start":{"line":16,"column":2},"end":{"line":16,"column":19}},"type":"default-arg","locations":[{"start":{"line":16,"column":15},"end":{"line":16,"column":19}}]},"1":{"loc":{"start":{"line":17,"column":2},"end":{"line":17,"column":19}},"type":"default-arg","locations":[{"start":{"line":17,"column":15},"end":{"line":17,"column":19}}]},"2":{"loc":{"start":{"line":18,"column":2},"end":{"line":18,"column":22}},"type":"default-arg","locations":[{"start":{"line":18,"column":18},"end":{"line":18,"column":22}}]},"3":{"loc":{"start":{"line":24,"column":7},"end":{"line":24,"column":null}},"type":"binary-expr","locations":[{"start":{"line":24,"column":7},"end":{"line":24,"column":21}},{"start":{"line":24,"column":21},"end":{"line":24,"column":null}}]},"4":{"loc":{"start":{"line":25,"column":33},"end":{"line":25,"column":74}},"type":"cond-expr","locations":[{"start":{"line":25,"column":61},"end":{"line":25,"column":71}},{"start":{"line":25,"column":71},"end":{"line":25,"column":74}}]},"5":{"loc":{"start":{"line":25,"column":33},"end":{"line":25,"column":61}},"type":"binary-expr","locations":[{"start":{"line":25,"column":33},"end":{"line":25,"column":45}},{"start":{"line":25,"column":45},"end":{"line":25,"column":61}}]},"6":{"loc":{"start":{"line":28,"column":7},"end":{"line":28,"column":null}},"type":"binary-expr","locations":[{"start":{"line":28,"column":7},"end":{"line":28,"column":21}},{"start":{"line":28,"column":21},"end":{"line":28,"column":34}},{"start":{"line":28,"column":34},"end":{"line":28,"column":null}}]},"7":{"loc":{"start":{"line":29,"column":7},"end":{"line":29,"column":null}},"type":"binary-expr","locations":[{"start":{"line":29,"column":7},"end":{"line":29,"column":24}},{"start":{"line":29,"column":24},"end":{"line":29,"column":null}}]}},"s":{"0":0,"1":0,"2":0,"3":0,"4":0,"5":0,"6":0,"7":0,"8":0},"f":{"0":0},"b":{"0":[0],"1":[0],"2":[0],"3":[0,0],"4":[0,0],"5":[0,0],"6":[0,0,0],"7":[0,0]}}
,"/app/src/components/ui/Button.tsx": {"path":"/app/src/components/ui/Button.tsx","statementMap":{"0":{"start":{"line":55,"column":0},"end":{"line":55,"column":15}},"1":{"start":{"line":1,"column":18},"end":{"line":1,"column":null}},"2":{"start":{"line":2,"column":19},"end":{"line":2,"column":null}},"3":{"start":{"line":11,"column":15},"end":{"line":50,"column":null}},"4":{"start":{"line":13,"column":24},"end":{"line":13,"column":null}},"5":{"start":{"line":15,"column":21},"end":{"line":21,"column":null}},"6":{"start":{"line":23,"column":18},"end":{"line":27,"column":null}},"7":{"start":{"line":53,"column":0},"end":{"line":53,"column":null}},"8":{"start":{"line":55,"column":15},"end":{"line":55,"column":null}}},"fnMap":{"0":{"name":"(anonymous_2)","decl":{"start":{"line":12,"column":2},"end":{"line":12,"column":3}},"loc":{"start":{"line":12,"column":99},"end":{"line":50,"column":null}}}},"branchMap":{"0":{"loc":{"start":{"line":12,"column":16},"end":{"line":12,"column":35}},"type":"default-arg","locations":[{"start":{"line":12,"column":26},"end":{"line":12,"column":35}}]},"1":{"loc":{"start":{"line":12,"column":37},"end":{"line":12,"column":48}},"type":"default-arg","locations":[{"start":{"line":12,"column":44},"end":{"line":12,"column":48}}]},"2":{"loc":{"start":{"line":12,"column":50},"end":{"line":12,"column":65}},"type":"default-arg","locations":[{"start":{"line":12,"column":60},"end":{"line":12,"column":65}}]},"3":{"loc":{"start":{"line":38,"column":18},"end":{"line":38,"column":null}},"type":"binary-expr","locations":[{"start":{"line":38,"column":18},"end":{"line":38,"column":30}},{"start":{"line":38,"column":30},"end":{"line":38,"column":null}}]},"4":{"loc":{"start":{"line":41,"column":9},"end":{"line":41,"column":null}},"type":"binary-expr","locations":[{"start":{"line":41,"column":9},"end":{"line":41,"column":null}}]}},"s":{"0":46,"1":3,"2":3,"3":3,"4":46,"5":46,"6":46,"7":3,"8":3},"f":{"0":46},"b":{"0":[23],"1":[29],"2":[35],"3":[46,45],"4":[46]}}
,"/app/src/components/ui/Card.tsx": {"path":"/app/src/components/ui/Card.tsx","statementMap":{"0":{"start":{"line":71,"column":9},"end":{"line":71,"column":13}},"1":{"start":{"line":71,"column":15},"end":{"line":71,"column":25}},"2":{"start":{"line":71,"column":27},"end":{"line":71,"column":36}},"3":{"start":{"line":71,"column":38},"end":{"line":71,"column":49}},"4":{"start":{"line":1,"column":18},"end":{"line":1,"column":null}},"5":{"start":{"line":2,"column":19},"end":{"line":2,"column":null}},"6":{"start":{"line":8,"column":13},"end":{"line":22,"column":null}},"7":{"start":{"line":25,"column":0},"end":{"line":25,"column":null}},"8":{"start":{"line":27,"column":19},"end":{"line":38,"column":null}},"9":{"start":{"line":41,"column":0},"end":{"line":41,"column":null}},"10":{"start":{"line":43,"column":18},"end":{"line":54,"column":null}},"11":{"start":{"line":57,"column":0},"end":{"line":57,"column":null}},"12":{"start":{"line":59,"column":20},"end":{"line":66,"column":null}},"13":{"start":{"line":69,"column":0},"end":{"line":69,"column":null}}},"fnMap":{"0":{"name":"(anonymous_6)","decl":{"start":{"line":9,"column":2},"end":{"line":9,"column":3}},"loc":{"start":{"line":9,"column":38},"end":{"line":22,"column":null}}},"1":{"name":"(anonymous_7)","decl":{"start":{"line":28,"column":2},"end":{"line":28,"column":3}},"loc":{"start":{"line":28,"column":38},"end":{"line":38,"column":null}}},"2":{"name":"(anonymous_8)","decl":{"start":{"line":44,"column":2},"end":{"line":44,"column":3}},"loc":{"start":{"line":44,"column":38},"end":{"line":54,"column":null}}},"3":{"name":"(anonymous_9)","decl":{"start":{"line":60,"column":2},"end":{"line":60,"column":3}},"loc":{"start":{"line":60,"column":38},"end":{"line":66,"column":null}}}},"branchMap":{},"s":{"0":19,"1":12,"2":12,"3":18,"4":3,"5":3,"6":3,"7":3,"8":3,"9":3,"10":3,"11":3,"12":3,"13":3},"f":{"0":19,"1":12,"2":12,"3":18},"b":{}}
,"/app/src/components/ui/Input.tsx": {"path":"/app/src/components/ui/Input.tsx","statementMap":{"0":{"start":{"line":42,"column":0},"end":{"line":42,"column":15}},"1":{"start":{"line":1,"column":18},"end":{"line":1,"column":null}},"2":{"start":{"line":2,"column":19},"end":{"line":2,"column":null}},"3":{"start":{"line":10,"column":14},"end":{"line":37,"column":null}},"4":{"start":{"line":40,"column":0},"end":{"line":40,"column":null}},"5":{"start":{"line":42,"column":15},"end":{"line":42,"column":null}}},"fnMap":{"0":{"name":"(anonymous_2)","decl":{"start":{"line":11,"column":2},"end":{"line":11,"column":3}},"loc":{"start":{"line":11,"column":69},"end":{"line":37,"column":null}}}},"branchMap":{"0":{"loc":{"start":{"line":11,"column":42},"end":{"line":11,"column":55}},"type":"default-arg","locations":[{"start":{"line":11,"column":49},"end":{"line":11,"column":55}}]},"1":{"loc":{"start":{"line":14,"column":9},"end":{"line":14,"column":null}},"type":"binary-expr","locations":[{"start":{"line":14,"column":9},"end":{"line":14,"column":null}}]},"2":{"loc":{"start":{"line":23,"column":12},"end":{"line":23,"column":null}},"type":"binary-expr","locations":[{"start":{"line":23,"column":12},"end":{"line":23,"column":21}},{"start":{"line":23,"column":21},"end":{"line":23,"column":null}}]},"3":{"loc":{"start":{"line":29,"column":9},"end":{"line":29,"column":null}},"type":"binary-expr","locations":[{"start":{"line":29,"column":9},"end":{"line":29,"column":null}}]},"4":{"loc":{"start":{"line":32,"column":9},"end":{"line":32,"column":23}},"type":"binary-expr","locations":[{"start":{"line":32,"column":9},"end":{"line":32,"column":23}},{"start":{"line":32,"column":23},"end":{"line":32,"column":null}}]}},"s":{"0":48,"1":2,"2":2,"3":2,"4":2,"5":2},"f":{"0":48},"b":{"0":[16],"1":[48],"2":[48,2],"3":[48],"4":[48,2]}}
,"/app/src/components/ui/OptimizedImage.tsx": {"path":"/app/src/components/ui/OptimizedImage.tsx","statementMap":{"0":{"start":{"line":163,"column":0},"end":{"line":163,"column":15}},"1":{"start":{"line":1,"column":51},"end":{"line":1,"column":null}},"2":{"start":{"line":2,"column":19},"end":{"line":2,"column":null}},"3":{"start":{"line":16,"column":54},"end":{"line":161,"column":null}},"4":{"start":{"line":29,"column":34},"end":{"line":29,"column":null}},"5":{"start":{"line":30,"column":34},"end":{"line":30,"column":null}},"6":{"start":{"line":31,"column":34},"end":{"line":31,"column":null}},"7":{"start":{"line":32,"column":17},"end":{"line":32,"column":null}},"8":{"start":{"line":33,"column":22},"end":{"line":33,"column":null}},"9":{"start":{"line":36,"column":2},"end":{"line":56,"column":null}},"10":{"start":{"line":37,"column":4},"end":{"line":37,"column":null}},"11":{"start":{"line":37,"column":27},"end":{"line":37,"column":null}},"12":{"start":{"line":39,"column":4},"end":{"line":46,"column":null}},"13":{"start":{"line":41,"column":8},"end":{"line":44,"column":null}},"14":{"start":{"line":42,"column":10},"end":{"line":42,"column":null}},"15":{"start":{"line":43,"column":10},"end":{"line":43,"column":null}},"16":{"start":{"line":49,"column":4},"end":{"line":51,"column":null}},"17":{"start":{"line":50,"column":6},"end":{"line":50,"column":null}},"18":{"start":{"line":53,"column":4},"end":{"line":55,"column":null}},"19":{"start":{"line":54,"column":6},"end":{"line":54,"column":null}},"20":{"start":{"line":58,"column":21},"end":{"line":61,"column":null}},"21":{"start":{"line":59,"column":4},"end":{"line":59,"column":null}},"22":{"start":{"line":60,"column":4},"end":{"line":60,"column":null}},"23":{"start":{"line":63,"column":22},"end":{"line":66,"column":null}},"24":{"start":{"line":64,"column":4},"end":{"line":64,"column":null}},"25":{"start":{"line":65,"column":4},"end":{"line":65,"column":null}},"26":{"start":{"line":68,"column":30},"end":{"line":81,"column":null}},"27":{"start":{"line":69,"column":4},"end":{"line":80,"column":null}},"28":{"start":{"line":71,"column":8},"end":{"line":71,"column":null}},"29":{"start":{"line":73,"column":8},"end":{"line":73,"column":null}},"30":{"start":{"line":75,"column":8},"end":{"line":75,"column":null}},"31":{"start":{"line":77,"column":8},"end":{"line":77,"column":null}},"32":{"start":{"line":79,"column":8},"end":{"line":79,"column":null}},"33":{"start":{"line":83,"column":28},"end":{"line":98,"column":null}},"34":{"start":{"line":84,"column":4},"end":{"line":97,"column":null}},"35":{"start":{"line":86,"column":8},"end":{"line":86,"column":null}},"36":{"start":{"line":88,"column":8},"end":{"line":88,"column":null}},"37":{"start":{"line":90,"column":8},"end":{"line":90,"column":null}},"38":{"start":{"line":92,"column":8},"end":{"line":92,"column":null}},"39":{"start":{"line":94,"column":8},"end":{"line":94,"column":null}},"40":{"start":{"line":96,"column":8},"end":{"line":96,"column":null}},"41":{"start":{"line":100,"column":27},"end":{"line":103,"column":null}},"42":{"start":{"line":106,"column":23},"end":{"line":112,"column":null}},"43":{"start":{"line":115,"column":29},"end":{"line":121,"column":null}},"44":{"start":{"line":163,"column":15},"end":{"line":163,"column":null}}},"fnMap":{"0":{"name":"(anonymous_4)","decl":{"start":{"line":16,"column":54},"end":{"line":16,"column":55}},"loc":{"start":{"line":28,"column":1},"end":{"line":161,"column":null}}},"1":{"name":"(anonymous_5)","decl":{"start":{"line":36,"column":12},"end":{"line":36,"column":null}},"loc":{"start":{"line":36,"column":12},"end":{"line":56,"column":5}}},"2":{"name":"(anonymous_6)","decl":{"start":{"line":40,"column":6},"end":{"line":40,"column":7}},"loc":{"start":{"line":40,"column":14},"end":{"line":45,"column":null}}},"3":{"name":"(anonymous_7)","decl":{"start":{"line":53,"column":11},"end":{"line":53,"column":null}},"loc":{"start":{"line":53,"column":11},"end":{"line":55,"column":null}}},"4":{"name":"(anonymous_8)","decl":{"start":{"line":58,"column":21},"end":{"line":58,"column":null}},"loc":{"start":{"line":58,"column":21},"end":{"line":61,"column":null}}},"5":{"name":"(anonymous_9)","decl":{"start":{"line":63,"column":22},"end":{"line":63,"column":null}},"loc":{"start":{"line":63,"column":22},"end":{"line":66,"column":null}}},"6":{"name":"(anonymous_10)","decl":{"start":{"line":68,"column":30},"end":{"line":68,"column":null}},"loc":{"start":{"line":68,"column":30},"end":{"line":81,"column":null}}},"7":{"name":"(anonymous_11)","decl":{"start":{"line":83,"column":28},"end":{"line":83,"column":null}},"loc":{"start":{"line":83,"column":28},"end":{"line":98,"column":null}}}},"branchMap":{"0":{"loc":{"start":{"line":20,"column":2},"end":{"line":20,"column":13}},"type":"default-arg","locations":[{"start":{"line":20,"column":9},"end":{"line":20,"column":13}}]},"1":{"loc":{"start":{"line":22,"column":2},"end":{"line":22,"column":21}},"type":"default-arg","locations":[{"start":{"line":22,"column":14},"end":{"line":22,"column":21}}]},"2":{"loc":{"start":{"line":23,"column":2},"end":{"line":23,"column":22}},"type":"default-arg","locations":[{"start":{"line":23,"column":16},"end":{"line":23,"column":22}}]},"3":{"loc":{"start":{"line":37,"column":4},"end":{"line":37,"column":null}},"type":"if","locations":[{"start":{"line":37,"column":4},"end":{"line":37,"column":null}}]},"4":{"loc":{"start":{"line":37,"column":8},"end":{"line":37,"column":27}},"type":"binary-expr","locations":[{"start":{"line":37,"column":8},"end":{"line":37,"column":17}},{"start":{"line":37,"column":17},"end":{"line":37,"column":27}}]},"5":{"loc":{"start":{"line":41,"column":8},"end":{"line":44,"column":null}},"type":"if","locations":[{"start":{"line":41,"column":8},"end":{"line":44,"column":null}}]},"6":{"loc":{"start":{"line":49,"column":4},"end":{"line":51,"column":null}},"type":"if","locations":[{"start":{"line":49,"column":4},"end":{"line":51,"column":null}}]},"7":{"loc":{"start":{"line":69,"column":4},"end":{"line":80,"column":null}},"type":"switch","locations":[{"start":{"line":70,"column":6},"end":{"line":71,"column":null}},{"start":{"line":72,"column":6},"end":{"line":73,"column":null}},{"start":{"line":74,"column":6},"end":{"line":75,"column":null}},{"start":{"line":76,"column":6},"end":{"line":77,"column":null}},{"start":{"line":78,"column":6},"end":{"line":79,"column":null}}]},"8":{"loc":{"start":{"line":84,"column":4},"end":{"line":97,"column":null}},"type":"switch","locations":[{"start":{"line":85,"column":6},"end":{"line":86,"column":null}},{"start":{"line":87,"column":6},"end":{"line":88,"column":null}},{"start":{"line":89,"column":6},"end":{"line":90,"column":null}},{"start":{"line":91,"column":6},"end":{"line":92,"column":null}},{"start":{"line":93,"column":6},"end":{"line":94,"column":null}},{"start":{"line":95,"column":6},"end":{"line":96,"column":null}}]},"9":{"loc":{"start":{"line":110,"column":19},"end":{"line":110,"column":null}},"type":"binary-expr","locations":[{"start":{"line":110,"column":19},"end":{"line":110,"column":32}},{"start":{"line":110,"column":32},"end":{"line":110,"column":null}}]},"10":{"loc":{"start":{"line":111,"column":21},"end":{"line":111,"column":null}},"type":"binary-expr","locations":[{"start":{"line":111,"column":21},"end":{"line":111,"column":33}},{"start":{"line":111,"column":33},"end":{"line":111,"column":null}}]},"11":{"loc":{"start":{"line":118,"column":21},"end":{"line":118,"column":null}},"type":"binary-expr","locations":[{"start":{"line":118,"column":21},"end":{"line":118,"column":34}},{"start":{"line":118,"column":34},"end":{"line":118,"column":null}}]},"12":{"loc":{"start":{"line":119,"column":19},"end":{"line":119,"column":null}},"type":"binary-expr","locations":[{"start":{"line":119,"column":19},"end":{"line":119,"column":31}},{"start":{"line":119,"column":31},"end":{"line":119,"column":null}}]},"13":{"loc":{"start":{"line":121,"column":4},"end":{"line":121,"column":null}},"type":"cond-expr","locations":[{"start":{"line":121,"column":29},"end":{"line":121,"column":59}},{"start":{"line":121,"column":59},"end":{"line":121,"column":null}}]},"14":{"loc":{"start":{"line":129,"column":10},"end":{"line":131,"column":11}},"type":"cond-expr","locations":[{"start":{"line":129,"column":10},"end":{"line":131,"column":11}}]},"15":{"loc":{"start":{"line":136,"column":7},"end":{"line":136,"column":null}},"type":"binary-expr","locations":[{"start":{"line":136,"column":7},"end":{"line":136,"column":null}}]},"16":{"loc":{"start":{"line":139,"column":15},"end":{"line":139,"column":null}},"type":"cond-expr","locations":[{"start":{"line":139,"column":38},"end":{"line":139,"column":49}},{"start":{"line":139,"column":49},"end":{"line":139,"column":null}}]},"17":{"loc":{"start":{"line":139,"column":15},"end":{"line":139,"column":38}},"type":"binary-expr","locations":[{"start":{"line":139,"column":15},"end":{"line":139,"column":27}},{"start":{"line":139,"column":27},"end":{"line":139,"column":38}}]},"18":{"loc":{"start":{"line":144,"column":19},"end":{"line":144,"column":null}},"type":"cond-expr","locations":[{"start":{"line":144,"column":26},"end":{"line":144,"column":35}},{"start":{"line":144,"column":35},"end":{"line":144,"column":null}}]},"19":{"loc":{"start":{"line":151,"column":7},"end":{"line":151,"column":19}},"type":"binary-expr","locations":[{"start":{"line":151,"column":7},"end":{"line":151,"column":19}},{"start":{"line":151,"column":19},"end":{"line":151,"column":null}}]}},"s":{"0":0,"1":0,"2":0,"3":0,"4":0,"5":0,"6":0,"7":0,"8":0,"9":0,"10":0,"11":0,"12":0,"13":0,"14":0,"15":0,"16":0,"17":0,"18":0,"19":0,"20":0,"21":0,"22":0,"23":0,"24":0,"25":0,"26":0,"27":0,"28":0,"29":0,"30":0,"31":0,"32":0,"33":0,"34":0,"35":0,"36":0,"37":0,"38":0,"39":0,"40":0,"41":0,"42":0,"43":0,"44":0},"f":{"0":0,"1":0,"2":0,"3":0,"4":0,"5":0,"6":0,"7":0},"b":{"0":[0],"1":[0],"2":[0],"3":[0],"4":[0,0],"5":[0],"6":[0],"7":[0,0,0,0,0],"8":[0,0,0,0,0,0],"9":[0,0],"10":[0,0],"11":[0,0],"12":[0,0],"13":[0,0],"14":[0],"15":[0],"16":[0,0],"17":[0,0],"18":[0,0],"19":[0,0]}}
,"/app/src/contexts/AuthContext.tsx": {"path":"/app/src/contexts/AuthContext.tsx","statementMap":{"0":{"start":{"line":18,"column":13},"end":{"line":18,"column":20}},"1":{"start":{"line":30,"column":13},"end":{"line":30,"column":25}},"2":{"start":{"line":1,"column":70},"end":{"line":1,"column":null}},"3":{"start":{"line":2,"column":26},"end":{"line":2,"column":null}},"4":{"start":{"line":4,"column":67},"end":{"line":4,"column":null}},"5":{"start":{"line":5,"column":18},"end":{"line":5,"column":null}},"6":{"start":{"line":16,"column":20},"end":{"line":16,"column":null}},"7":{"start":{"line":18,"column":23},"end":{"line":24,"column":null}},"8":{"start":{"line":19,"column":18},"end":{"line":19,"column":null}},"9":{"start":{"line":20,"column":2},"end":{"line":22,"column":null}},"10":{"start":{"line":21,"column":4},"end":{"line":21,"column":null}},"11":{"start":{"line":23,"column":2},"end":{"line":23,"column":null}},"12":{"start":{"line":30,"column":57},"end":{"line":103,"column":null}},"13":{"start":{"line":31,"column":26},"end":{"line":31,"column":null}},"14":{"start":{"line":32,"column":32},"end":{"line":32,"column":null}},"15":{"start":{"line":33,"column":17},"end":{"line":33,"column":null}},"16":{"start":{"line":36,"column":2},"end":{"line":52,"column":null}},"17":{"start":{"line":37,"column":21},"end":{"line":49,"column":null}},"18":{"start":{"line":38,"column":21},"end":{"line":38,"column":null}},"19":{"start":{"line":39,"column":6},"end":{"line":47,"column":null}},"20":{"start":{"line":40,"column":8},"end":{"line":46,"column":null}},"21":{"start":{"line":41,"column":27},"end":{"line":41,"column":null}},"22":{"start":{"line":42,"column":10},"end":{"line":42,"column":null}},"23":{"start":{"line":45,"column":10},"end":{"line":45,"column":null}},"24":{"start":{"line":48,"column":6},"end":{"line":48,"column":null}},"25":{"start":{"line":51,"column":4},"end":{"line":51,"column":null}},"26":{"start":{"line":54,"column":16},"end":{"line":66,"column":null}},"27":{"start":{"line":55,"column":4},"end":{"line":65,"column":null}},"28":{"start":{"line":56,"column":23},"end":{"line":56,"column":null}},"29":{"start":{"line":57,"column":6},"end":{"line":57,"column":null}},"30":{"start":{"line":58,"column":6},"end":{"line":58,"column":null}},"31":{"start":{"line":59,"column":6},"end":{"line":59,"column":null}},"32":{"start":{"line":60,"column":6},"end":{"line":60,"column":null}},"33":{"start":{"line":62,"column":22},"end":{"line":62,"column":null}},"34":{"start":{"line":63,"column":6},"end":{"line":63,"column":null}},"35":{"start":{"line":64,"column":6},"end":{"line":64,"column":null}},"36":{"start":{"line":68,"column":19},"end":{"line":80,"column":null}},"37":{"start":{"line":69,"column":4},"end":{"line":79,"column":null}},"38":{"start":{"line":70,"column":23},"end":{"line":70,"column":null}},"39":{"start":{"line":71,"column":6},"end":{"line":71,"column":null}},"40":{"start":{"line":72,"column":6},"end":{"line":72,"column":null}},"41":{"start":{"line":73,"column":6},"end":{"line":73,"column":null}},"42":{"start":{"line":74,"column":6},"end":{"line":74,"column":null}},"43":{"start":{"line":76,"column":22},"end":{"line":76,"column":null}},"44":{"start":{"line":77,"column":6},"end":{"line":77,"column":null}},"45":{"start":{"line":78,"column":6},"end":{"line":78,"column":null}},"46":{"start":{"line":82,"column":17},"end":{"line":87,"column":null}},"47":{"start":{"line":83,"column":4},"end":{"line":83,"column":null}},"48":{"start":{"line":84,"column":4},"end":{"line":84,"column":null}},"49":{"start":{"line":85,"column":4},"end":{"line":85,"column":null}},"50":{"start":{"line":86,"column":4},"end":{"line":86,"column":null}},"51":{"start":{"line":89,"column":33},"end":{"line":96,"column":null}}},"fnMap":{"0":{"name":"(anonymous_7)","decl":{"start":{"line":18,"column":23},"end":{"line":18,"column":null}},"loc":{"start":{"line":18,"column":23},"end":{"line":24,"column":null}}},"1":{"name":"(anonymous_8)","decl":{"start":{"line":30,"column":57},"end":{"line":30,"column":58}},"loc":{"start":{"line":30,"column":70},"end":{"line":103,"column":null}}},"2":{"name":"(anonymous_9)","decl":{"start":{"line":36,"column":12},"end":{"line":36,"column":null}},"loc":{"start":{"line":36,"column":12},"end":{"line":52,"column":5}}},"3":{"name":"(anonymous_10)","decl":{"start":{"line":37,"column":21},"end":{"line":37,"column":null}},"loc":{"start":{"line":37,"column":21},"end":{"line":49,"column":null}}},"4":{"name":"(anonymous_11)","decl":{"start":{"line":54,"column":16},"end":{"line":54,"column":23}},"loc":{"start":{"line":54,"column":38},"end":{"line":66,"column":null}}},"5":{"name":"(anonymous_12)","decl":{"start":{"line":68,"column":19},"end":{"line":68,"column":26}},"loc":{"start":{"line":68,"column":26},"end":{"line":80,"column":null}}},"6":{"name":"(anonymous_13)","decl":{"start":{"line":82,"column":17},"end":{"line":82,"column":null}},"loc":{"start":{"line":82,"column":17},"end":{"line":87,"column":null}}}},"branchMap":{"0":{"loc":{"start":{"line":20,"column":2},"end":{"line":22,"column":null}},"type":"if","locations":[{"start":{"line":20,"column":2},"end":{"line":22,"column":null}}]},"1":{"loc":{"start":{"line":39,"column":6},"end":{"line":47,"column":null}},"type":"if","locations":[{"start":{"line":39,"column":6},"end":{"line":47,"column":null}}]},"2":{"loc":{"start":{"line":62,"column":22},"end":{"line":62,"column":null}},"type":"binary-expr","locations":[{"start":{"line":62,"column":22},"end":{"line":62,"column":54}},{"start":{"line":62,"column":54},"end":{"line":62,"column":null}}]},"3":{"loc":{"start":{"line":76,"column":22},"end":{"line":76,"column":null}},"type":"binary-expr","locations":[{"start":{"line":76,"column":22},"end":{"line":76,"column":54}},{"start":{"line":76,"column":54},"end":{"line":76,"column":null}}]}},"s":{"0":0,"1":0,"2":0,"3":0,"4":0,"5":0,"6":0,"7":0,"8":0,"9":0,"10":0,"11":0,"12":0,"13":0,"14":0,"15":0,"16":0,"17":0,"18":0,"19":0,"20":0,"21":0,"22":0,"23":0,"24":0,"25":0,"26":0,"27":0,"28":0,"29":0,"30":0,"31":0,"32":0,"33":0,"34":0,"35":0,"36":0,"37":0,"38":0,"39":0,"40":0,"41":0,"42":0,"43":0,"44":0,"45":0,"46":0,"47":0,"48":0,"49":0,"50":0,"51":0},"f":{"0":0,"1":0,"2":0,"3":0,"4":0,"5":0,"6":0},"b":{"0":[0],"1":[0],"2":[0,0],"3":[0,0]}}
,"/app/src/hooks/useResponsive.ts": {"path":"/app/src/hooks/useResponsive.ts","statementMap":{"0":{"start":{"line":19,"column":13},"end":{"line":19,"column":26}},"1":{"start":{"line":64,"column":13},"end":{"line":64,"column":30}},"2":{"start":{"line":86,"column":13},"end":{"line":86,"column":27}},"3":{"start":{"line":1,"column":36},"end":{"line":1,"column":null}},"4":{"start":{"line":11,"column":45},"end":{"line":17,"column":null}},"5":{"start":{"line":19,"column":29},"end":{"line":61,"column":null}},"6":{"start":{"line":20,"column":13},"end":{"line":20,"column":null}},"7":{"start":{"line":21,"column":38},"end":{"line":24,"column":null}},"8":{"start":{"line":26,"column":2},"end":{"line":37,"column":null}},"9":{"start":{"line":27,"column":23},"end":{"line":32,"column":null}},"10":{"start":{"line":28,"column":6},"end":{"line":31,"column":null}},"11":{"start":{"line":34,"column":4},"end":{"line":34,"column":null}},"12":{"start":{"line":35,"column":4},"end":{"line":35,"column":null}},"13":{"start":{"line":36,"column":4},"end":{"line":36,"column":null}},"14":{"start":{"line":36,"column":17},"end":{"line":36,"column":null}},"15":{"start":{"line":39,"column":19},"end":{"line":39,"column":43}},"16":{"start":{"line":40,"column":19},"end":{"line":40,"column":72}},"17":{"start":{"line":41,"column":20},"end":{"line":41,"column":45}},"18":{"start":{"line":42,"column":25},"end":{"line":42,"column":50}},"19":{"start":{"line":45,"column":4},"end":{"line":49,"column":null}},"20":{"start":{"line":51,"column":2},"end":{"line":60,"column":null}},"21":{"start":{"line":58,"column":49},"end":{"line":58,"column":77}},"22":{"start":{"line":59,"column":47},"end":{"line":59,"column":74}},"23":{"start":{"line":64,"column":33},"end":{"line":83,"column":null}},"24":{"start":{"line":65,"column":46},"end":{"line":65,"column":null}},"25":{"start":{"line":67,"column":2},"end":{"line":80,"column":null}},"26":{"start":{"line":68,"column":25},"end":{"line":70,"column":null}},"27":{"start":{"line":69,"column":6},"end":{"line":69,"column":null}},"28":{"start":{"line":72,"column":4},"end":{"line":72,"column":null}},"29":{"start":{"line":73,"column":4},"end":{"line":73,"column":null}},"30":{"start":{"line":74,"column":4},"end":{"line":74,"column":null}},"31":{"start":{"line":76,"column":4},"end":{"line":79,"column":null}},"32":{"start":{"line":77,"column":6},"end":{"line":77,"column":null}},"33":{"start":{"line":78,"column":6},"end":{"line":78,"column":null}},"34":{"start":{"line":82,"column":2},"end":{"line":82,"column":null}},"35":{"start":{"line":86,"column":30},"end":{"line":103,"column":null}},"36":{"start":{"line":87,"column":44},"end":{"line":87,"column":null}},"37":{"start":{"line":89,"column":2},"end":{"line":100,"column":null}},"38":{"start":{"line":90,"column":29},"end":{"line":97,"column":null}},"39":{"start":{"line":91,"column":6},"end":{"line":95,"column":null}},"40":{"start":{"line":99,"column":4},"end":{"line":99,"column":null}},"41":{"start":{"line":102,"column":2},"end":{"line":102,"column":null}}},"fnMap":{"0":{"name":"(anonymous_4)","decl":{"start":{"line":19,"column":29},"end":{"line":19,"column":30}},"loc":{"start":{"line":19,"column":73},"end":{"line":61,"column":null}}},"1":{"name":"(anonymous_5)","decl":{"start":{"line":26,"column":12},"end":{"line":26,"column":null}},"loc":{"start":{"line":26,"column":12},"end":{"line":37,"column":5}}},"2":{"name":"(anonymous_6)","decl":{"start":{"line":27,"column":23},"end":{"line":27,"column":null}},"loc":{"start":{"line":27,"column":23},"end":{"line":32,"column":null}}},"3":{"name":"(anonymous_7)","decl":{"start":{"line":36,"column":11},"end":{"line":36,"column":17}},"loc":{"start":{"line":36,"column":17},"end":{"line":36,"column":null}}},"4":{"name":"(anonymous_8)","decl":{"start":{"line":58,"column":15},"end":{"line":58,"column":16}},"loc":{"start":{"line":58,"column":49},"end":{"line":58,"column":77}}},"5":{"name":"(anonymous_9)","decl":{"start":{"line":59,"column":13},"end":{"line":59,"column":14}},"loc":{"start":{"line":59,"column":47},"end":{"line":59,"column":74}}},"6":{"name":"(anonymous_10)","decl":{"start":{"line":64,"column":33},"end":{"line":64,"column":null}},"loc":{"start":{"line":64,"column":33},"end":{"line":83,"column":null}}},"7":{"name":"(anonymous_11)","decl":{"start":{"line":67,"column":12},"end":{"line":67,"column":null}},"loc":{"start":{"line":67,"column":12},"end":{"line":80,"column":5}}},"8":{"name":"(anonymous_12)","decl":{"start":{"line":68,"column":25},"end":{"line":68,"column":null}},"loc":{"start":{"line":68,"column":25},"end":{"line":70,"column":null}}},"9":{"name":"(anonymous_13)","decl":{"start":{"line":76,"column":11},"end":{"line":76,"column":null}},"loc":{"start":{"line":76,"column":11},"end":{"line":79,"column":null}}},"10":{"name":"(anonymous_14)","decl":{"start":{"line":86,"column":30},"end":{"line":86,"column":null}},"loc":{"start":{"line":86,"column":30},"end":{"line":103,"column":null}}},"11":{"name":"(anonymous_15)","decl":{"start":{"line":89,"column":12},"end":{"line":89,"column":null}},"loc":{"start":{"line":89,"column":12},"end":{"line":100,"column":5}}},"12":{"name":"(anonymous_16)","decl":{"start":{"line":90,"column":29},"end":{"line":90,"column":null}},"loc":{"start":{"line":90,"column":29},"end":{"line":97,"column":null}}}},"branchMap":{"0":{"loc":{"start":{"line":19,"column":30},"end":{"line":19,"column":73}},"type":"default-arg","locations":[{"start":{"line":19,"column":71},"end":{"line":19,"column":73}}]},"1":{"loc":{"start":{"line":40,"column":19},"end":{"line":40,"column":72}},"type":"binary-expr","locations":[{"start":{"line":40,"column":19},"end":{"line":40,"column":44}},{"start":{"line":40,"column":48},"end":{"line":40,"column":72}}]},"2":{"loc":{"start":{"line":45,"column":4},"end":{"line":49,"column":null}},"type":"cond-expr","locations":[{"start":{"line":45,"column":36},"end":{"line":45,"column":null}},{"start":{"line":46,"column":4},"end":{"line":49,"column":null}}]},"3":{"loc":{"start":{"line":46,"column":4},"end":{"line":49,"column":null}},"type":"cond-expr","locations":[{"start":{"line":46,"column":32},"end":{"line":46,"column":null}},{"start":{"line":47,"column":4},"end":{"line":49,"column":null}}]},"4":{"loc":{"start":{"line":47,"column":4},"end":{"line":49,"column":null}},"type":"cond-expr","locations":[{"start":{"line":47,"column":32},"end":{"line":47,"column":null}},{"start":{"line":48,"column":4},"end":{"line":49,"column":null}}]},"5":{"loc":{"start":{"line":48,"column":4},"end":{"line":49,"column":null}},"type":"cond-expr","locations":[{"start":{"line":48,"column":32},"end":{"line":48,"column":null}},{"start":{"line":49,"column":4},"end":{"line":49,"column":null}}]},"6":{"loc":{"start":{"line":92,"column":8},"end":{"line":95,"column":null}},"type":"binary-expr","locations":[{"start":{"line":92,"column":8},"end":{"line":92,"column":null}},{"start":{"line":93,"column":8},"end":{"line":93,"column":null}},{"start":{"line":95,"column":8},"end":{"line":95,"column":null}}]}},"s":{"0":0,"1":0,"2":0,"3":0,"4":0,"5":0,"6":0,"7":0,"8":0,"9":0,"10":0,"11":0,"12":0,"13":0,"14":0,"15":0,"16":0,"17":0,"18":0,"19":0,"20":0,"21":0,"22":0,"23":0,"24":0,"25":0,"26":0,"27":0,"28":0,"29":0,"30":0,"31":0,"32":0,"33":0,"34":0,"35":0,"36":0,"37":0,"38":0,"39":0,"40":0,"41":0},"f":{"0":0,"1":0,"2":0,"3":0,"4":0,"5":0,"6":0,"7":0,"8":0,"9":0,"10":0,"11":0,"12":0},"b":{"0":[0],"1":[0,0],"2":[0,0],"3":[0,0],"4":[0,0],"5":[0,0],"6":[0,0,0]}}
,"/app/src/hooks/useSwipe.ts": {"path":"/app/src/hooks/useSwipe.ts","statementMap":{"0":{"start":{"line":17,"column":13},"end":{"line":17,"column":21}},"1":{"start":{"line":74,"column":13},"end":{"line":74,"column":26}},"2":{"start":{"line":1,"column":44},"end":{"line":1,"column":null}},"3":{"start":{"line":17,"column":24},"end":{"line":71,"column":null}},"4":{"start":{"line":18,"column":38},"end":{"line":18,"column":null}},"5":{"start":{"line":19,"column":34},"end":{"line":19,"column":null}},"6":{"start":{"line":20,"column":20},"end":{"line":20,"column":null}},"7":{"start":{"line":22,"column":23},"end":{"line":28,"column":null}},"8":{"start":{"line":23,"column":4},"end":{"line":23,"column":null}},"9":{"start":{"line":24,"column":4},"end":{"line":27,"column":null}},"10":{"start":{"line":30,"column":22},"end":{"line":35,"column":null}},"11":{"start":{"line":31,"column":4},"end":{"line":34,"column":null}},"12":{"start":{"line":37,"column":21},"end":{"line":64,"column":null}},"13":{"start":{"line":38,"column":4},"end":{"line":38,"column":null}},"14":{"start":{"line":38,"column":34},"end":{"line":38,"column":null}},"15":{"start":{"line":40,"column":22},"end":{"line":40,"column":47}},"16":{"start":{"line":41,"column":22},"end":{"line":41,"column":47}},"17":{"start":{"line":42,"column":24},"end":{"line":42,"column":null}},"18":{"start":{"line":43,"column":25},"end":{"line":43,"column":null}},"19":{"start":{"line":44,"column":22},"end":{"line":44,"column":null}},"20":{"start":{"line":45,"column":24},"end":{"line":45,"column":null}},"21":{"start":{"line":47,"column":4},"end":{"line":63,"column":null}},"22":{"start":{"line":49,"column":6},"end":{"line":51,"column":null}},"23":{"start":{"line":50,"column":8},"end":{"line":50,"column":null}},"24":{"start":{"line":52,"column":6},"end":{"line":54,"column":null}},"25":{"start":{"line":53,"column":8},"end":{"line":53,"column":null}},"26":{"start":{"line":57,"column":6},"end":{"line":59,"column":null}},"27":{"start":{"line":58,"column":8},"end":{"line":58,"column":null}},"28":{"start":{"line":60,"column":6},"end":{"line":62,"column":null}},"29":{"start":{"line":61,"column":8},"end":{"line":61,"column":null}},"30":{"start":{"line":66,"column":2},"end":{"line":70,"column":null}},"31":{"start":{"line":74,"column":29},"end":{"line":100,"column":null}},"32":{"start":{"line":78,"column":42},"end":{"line":78,"column":null}},"33":{"start":{"line":80,"column":20},"end":{"line":82,"column":null}},"34":{"start":{"line":81,"column":4},"end":{"line":81,"column":null}},"35":{"start":{"line":81,"column":30},"end":{"line":81,"column":56}},"36":{"start":{"line":84,"column":20},"end":{"line":86,"column":null}},"37":{"start":{"line":85,"column":4},"end":{"line":85,"column":null}},"38":{"start":{"line":85,"column":30},"end":{"line":85,"column":72}},"39":{"start":{"line":88,"column":24},"end":{"line":91,"column":null}},"40":{"start":{"line":93,"column":2},"end":{"line":99,"column":null}}},"fnMap":{"0":{"name":"(anonymous_3)","decl":{"start":{"line":17,"column":24},"end":{"line":17,"column":25}},"loc":{"start":{"line":17,"column":25},"end":{"line":71,"column":null}}},"1":{"name":"(anonymous_4)","decl":{"start":{"line":22,"column":23},"end":{"line":22,"column":24}},"loc":{"start":{"line":22,"column":24},"end":{"line":28,"column":null}}},"2":{"name":"(anonymous_5)","decl":{"start":{"line":30,"column":22},"end":{"line":30,"column":23}},"loc":{"start":{"line":30,"column":23},"end":{"line":35,"column":null}}},"3":{"name":"(anonymous_6)","decl":{"start":{"line":37,"column":21},"end":{"line":37,"column":null}},"loc":{"start":{"line":37,"column":21},"end":{"line":64,"column":null}}},"4":{"name":"(anonymous_7)","decl":{"start":{"line":74,"column":29},"end":{"line":74,"column":null}},"loc":{"start":{"line":76,"column":26},"end":{"line":100,"column":null}}},"5":{"name":"(anonymous_8)","decl":{"start":{"line":80,"column":20},"end":{"line":80,"column":null}},"loc":{"start":{"line":80,"column":20},"end":{"line":82,"column":null}}},"6":{"name":"(anonymous_9)","decl":{"start":{"line":81,"column":20},"end":{"line":81,"column":21}},"loc":{"start":{"line":81,"column":30},"end":{"line":81,"column":56}}},"7":{"name":"(anonymous_10)","decl":{"start":{"line":84,"column":20},"end":{"line":84,"column":null}},"loc":{"start":{"line":84,"column":20},"end":{"line":86,"column":null}}},"8":{"name":"(anonymous_11)","decl":{"start":{"line":85,"column":20},"end":{"line":85,"column":21}},"loc":{"start":{"line":85,"column":30},"end":{"line":85,"column":72}}}},"branchMap":{"0":{"loc":{"start":{"line":20,"column":20},"end":{"line":20,"column":null}},"type":"binary-expr","locations":[{"start":{"line":20,"column":20},"end":{"line":20,"column":35}},{"start":{"line":20,"column":39},"end":{"line":20,"column":null}}]},"1":{"loc":{"start":{"line":38,"column":4},"end":{"line":38,"column":null}},"type":"if","locations":[{"start":{"line":38,"column":4},"end":{"line":38,"column":null}}]},"2":{"loc":{"start":{"line":38,"column":8},"end":{"line":38,"column":34}},"type":"binary-expr","locations":[{"start":{"line":38,"column":8},"end":{"line":38,"column":23}},{"start":{"line":38,"column":23},"end":{"line":38,"column":34}}]},"3":{"loc":{"start":{"line":47,"column":4},"end":{"line":63,"column":null}},"type":"if","locations":[{"start":{"line":47,"column":4},"end":{"line":63,"column":null}},{"start":{"line":55,"column":11},"end":{"line":63,"column":null}}]},"4":{"loc":{"start":{"line":49,"column":6},"end":{"line":51,"column":null}},"type":"if","locations":[{"start":{"line":49,"column":6},"end":{"line":51,"column":null}}]},"5":{"loc":{"start":{"line":49,"column":10},"end":{"line":49,"column":42}},"type":"binary-expr","locations":[{"start":{"line":49,"column":10},"end":{"line":49,"column":25}},{"start":{"line":49,"column":25},"end":{"line":49,"column":42}}]},"6":{"loc":{"start":{"line":52,"column":6},"end":{"line":54,"column":null}},"type":"if","locations":[{"start":{"line":52,"column":6},"end":{"line":54,"column":null}}]},"7":{"loc":{"start":{"line":52,"column":10},"end":{"line":52,"column":44}},"type":"binary-expr","locations":[{"start":{"line":52,"column":10},"end":{"line":52,"column":26}},{"start":{"line":52,"column":26},"end":{"line":52,"column":44}}]},"8":{"loc":{"start":{"line":57,"column":6},"end":{"line":59,"column":null}},"type":"if","locations":[{"start":{"line":57,"column":6},"end":{"line":59,"column":null}}]},"9":{"loc":{"start":{"line":57,"column":10},"end":{"line":57,"column":38}},"type":"binary-expr","locations":[{"start":{"line":57,"column":10},"end":{"line":57,"column":23}},{"start":{"line":57,"column":23},"end":{"line":57,"column":38}}]},"10":{"loc":{"start":{"line":60,"column":6},"end":{"line":62,"column":null}},"type":"if","locations":[{"start":{"line":60,"column":6},"end":{"line":62,"column":null}}]},"11":{"loc":{"start":{"line":60,"column":10},"end":{"line":60,"column":42}},"type":"binary-expr","locations":[{"start":{"line":60,"column":10},"end":{"line":60,"column":25}},{"start":{"line":60,"column":25},"end":{"line":60,"column":42}}]},"12":{"loc":{"start":{"line":76,"column":2},"end":{"line":76,"column":26}},"type":"default-arg","locations":[{"start":{"line":76,"column":25},"end":{"line":76,"column":26}}]}},"s":{"0":0,"1":0,"2":0,"3":0,"4":0,"5":0,"6":0,"7":0,"8":0,"9":0,"10":0,"11":0,"12":0,"13":0,"14":0,"15":0,"16":0,"17":0,"18":0,"19":0,"20":0,"21":0,"22":0,"23":0,"24":0,"25":0,"26":0,"27":0,"28":0,"29":0,"30":0,"31":0,"32":0,"33":0,"34":0,"35":0,"36":0,"37":0,"38":0,"39":0,"40":0},"f":{"0":0,"1":0,"2":0,"3":0,"4":0,"5":0,"6":0,"7":0,"8":0},"b":{"0":[0,0],"1":[0],"2":[0,0],"3":[0,0],"4":[0],"5":[0,0],"6":[0],"7":[0,0],"8":[0],"9":[0,0],"10":[0],"11":[0,0],"12":[0]}}
,"/app/src/lib/api.ts": {"path":"/app/src/lib/api.ts","statementMap":{"0":{"start":{"line":5,"column":13},"end":{"line":5,"column":16}},"1":{"start":{"line":40,"column":0},"end":{"line":40,"column":15}},"2":{"start":{"line":1,"column":18},"end":{"line":1,"column":null}},"3":{"start":{"line":3,"column":21},"end":{"line":3,"column":null}},"4":{"start":{"line":5,"column":19},"end":{"line":10,"column":null}},"5":{"start":{"line":13,"column":0},"end":{"line":23,"column":null}},"6":{"start":{"line":15,"column":18},"end":{"line":15,"column":null}},"7":{"start":{"line":16,"column":4},"end":{"line":18,"column":null}},"8":{"start":{"line":17,"column":6},"end":{"line":17,"column":null}},"9":{"start":{"line":19,"column":4},"end":{"line":19,"column":null}},"10":{"start":{"line":22,"column":4},"end":{"line":22,"column":null}},"11":{"start":{"line":27,"column":0},"end":{"line":37,"column":null}},"12":{"start":{"line":28,"column":16},"end":{"line":28,"column":null}},"13":{"start":{"line":30,"column":4},"end":{"line":35,"column":null}},"14":{"start":{"line":32,"column":6},"end":{"line":32,"column":null}},"15":{"start":{"line":33,"column":6},"end":{"line":33,"column":null}},"16":{"start":{"line":34,"column":6},"end":{"line":34,"column":null}},"17":{"start":{"line":36,"column":4},"end":{"line":36,"column":null}},"18":{"start":{"line":40,"column":15},"end":{"line":40,"column":19}}},"fnMap":{"0":{"name":"(anonymous_4)","decl":{"start":{"line":14,"column":2},"end":{"line":14,"column":3}},"loc":{"start":{"line":14,"column":3},"end":{"line":20,"column":null}}},"1":{"name":"(anonymous_5)","decl":{"start":{"line":21,"column":2},"end":{"line":21,"column":3}},"loc":{"start":{"line":21,"column":3},"end":{"line":23,"column":null}}},"2":{"name":"(anonymous_6)","decl":{"start":{"line":28,"column":2},"end":{"line":28,"column":3}},"loc":{"start":{"line":28,"column":16},"end":{"line":28,"column":null}}},"3":{"name":"(anonymous_7)","decl":{"start":{"line":29,"column":2},"end":{"line":29,"column":3}},"loc":{"start":{"line":29,"column":3},"end":{"line":37,"column":null}}}},"branchMap":{"0":{"loc":{"start":{"line":3,"column":21},"end":{"line":3,"column":null}},"type":"binary-expr","locations":[{"start":{"line":3,"column":21},"end":{"line":3,"column":52}},{"start":{"line":3,"column":56},"end":{"line":3,"column":null}}]},"1":{"loc":{"start":{"line":16,"column":4},"end":{"line":18,"column":null}},"type":"if","locations":[{"start":{"line":16,"column":4},"end":{"line":18,"column":null}}]},"2":{"loc":{"start":{"line":30,"column":4},"end":{"line":35,"column":null}},"type":"if","locations":[{"start":{"line":30,"column":4},"end":{"line":35,"column":null}}]}},"s":{"0":0,"1":0,"2":0,"3":0,"4":0,"5":0,"6":0,"7":0,"8":0,"9":0,"10":0,"11":0,"12":0,"13":0,"14":0,"15":0,"16":0,"17":0,"18":0},"f":{"0":0,"1":0,"2":0,"3":0},"b":{"0":[0,0],"1":[0],"2":[0]}}
,"/app/src/lib/auth.ts": {"path":"/app/src/lib/auth.ts","statementMap":{"0":{"start":{"line":4,"column":13},"end":{"line":4,"column":20}},"1":{"start":{"line":36,"column":13},"end":{"line":36,"column":28}},"2":{"start":{"line":46,"column":13},"end":{"line":46,"column":24}},"3":{"start":{"line":54,"column":13},"end":{"line":54,"column":24}},"4":{"start":{"line":1,"column":16},"end":{"line":1,"column":null}},"5":{"start":{"line":4,"column":23},"end":{"line":33,"column":null}},"6":{"start":{"line":7,"column":21},"end":{"line":7,"column":null}},"7":{"start":{"line":8,"column":4},"end":{"line":8,"column":null}},"8":{"start":{"line":13,"column":21},"end":{"line":13,"column":null}},"9":{"start":{"line":14,"column":4},"end":{"line":14,"column":null}},"10":{"start":{"line":19,"column":4},"end":{"line":19,"column":null}},"11":{"start":{"line":24,"column":21},"end":{"line":24,"column":null}},"12":{"start":{"line":25,"column":4},"end":{"line":25,"column":null}},"13":{"start":{"line":30,"column":21},"end":{"line":30,"column":null}},"14":{"start":{"line":31,"column":4},"end":{"line":31,"column":null}},"15":{"start":{"line":36,"column":31},"end":{"line":43,"column":null}},"16":{"start":{"line":37,"column":2},"end":{"line":37,"column":null}},"17":{"start":{"line":37,"column":37},"end":{"line":37,"column":null}},"18":{"start":{"line":39,"column":22},"end":{"line":39,"column":null}},"19":{"start":{"line":40,"column":23},"end":{"line":40,"column":null}},"20":{"start":{"line":42,"column":2},"end":{"line":42,"column":null}},"21":{"start":{"line":46,"column":27},"end":{"line":51,"column":null}},"22":{"start":{"line":47,"column":2},"end":{"line":47,"column":null}},"23":{"start":{"line":47,"column":37},"end":{"line":47,"column":null}},"24":{"start":{"line":49,"column":2},"end":{"line":49,"column":null}},"25":{"start":{"line":50,"column":2},"end":{"line":50,"column":null}},"26":{"start":{"line":54,"column":27},"end":{"line":59,"column":null}},"27":{"start":{"line":55,"column":2},"end":{"line":55,"column":null}},"28":{"start":{"line":55,"column":37},"end":{"line":55,"column":null}},"29":{"start":{"line":57,"column":2},"end":{"line":57,"column":null}},"30":{"start":{"line":58,"column":2},"end":{"line":58,"column":null}}},"fnMap":{"0":{"name":"(anonymous_6)","decl":{"start":{"line":6,"column":12},"end":{"line":6,"column":19}},"loc":{"start":{"line":6,"column":19},"end":{"line":9,"column":null}}},"1":{"name":"(anonymous_7)","decl":{"start":{"line":12,"column":9},"end":{"line":12,"column":16}},"loc":{"start":{"line":12,"column":16},"end":{"line":15,"column":null}}},"2":{"name":"(anonymous_8)","decl":{"start":{"line":18,"column":10},"end":{"line":18,"column":null}},"loc":{"start":{"line":18,"column":10},"end":{"line":20,"column":null}}},"3":{"name":"(anonymous_9)","decl":{"start":{"line":23,"column":18},"end":{"line":23,"column":null}},"loc":{"start":{"line":23,"column":18},"end":{"line":26,"column":null}}},"4":{"name":"(anonymous_10)","decl":{"start":{"line":29,"column":16},"end":{"line":29,"column":23}},"loc":{"start":{"line":29,"column":23},"end":{"line":32,"column":null}}},"5":{"name":"(anonymous_11)","decl":{"start":{"line":36,"column":31},"end":{"line":36,"column":null}},"loc":{"start":{"line":36,"column":31},"end":{"line":43,"column":null}}},"6":{"name":"(anonymous_12)","decl":{"start":{"line":46,"column":27},"end":{"line":46,"column":28}},"loc":{"start":{"line":46,"column":49},"end":{"line":51,"column":null}}},"7":{"name":"(anonymous_13)","decl":{"start":{"line":54,"column":27},"end":{"line":54,"column":null}},"loc":{"start":{"line":54,"column":27},"end":{"line":59,"column":null}}}},"branchMap":{"0":{"loc":{"start":{"line":37,"column":2},"end":{"line":37,"column":null}},"type":"if","locations":[{"start":{"line":37,"column":2},"end":{"line":37,"column":null}}]},"1":{"loc":{"start":{"line":42,"column":9},"end":{"line":42,"column":null}},"type":"cond-expr","locations":[{"start":{"line":42,"column":39},"end":{"line":42,"column":71}},{"start":{"line":42,"column":71},"end":{"line":42,"column":null}}]},"2":{"loc":{"start":{"line":42,"column":9},"end":{"line":42,"column":39}},"type":"binary-expr","locations":[{"start":{"line":42,"column":9},"end":{"line":42,"column":24}},{"start":{"line":42,"column":24},"end":{"line":42,"column":39}}]},"3":{"loc":{"start":{"line":47,"column":2},"end":{"line":47,"column":null}},"type":"if","locations":[{"start":{"line":47,"column":2},"end":{"line":47,"column":null}}]},"4":{"loc":{"start":{"line":55,"column":2},"end":{"line":55,"column":null}},"type":"if","locations":[{"start":{"line":55,"column":2},"end":{"line":55,"column":null}}]}},"s":{"0":0,"1":0,"2":0,"3":0,"4":0,"5":0,"6":0,"7":0,"8":0,"9":0,"10":0,"11":0,"12":0,"13":0,"14":0,"15":0,"16":0,"17":0,"18":0,"19":0,"20":0,"21":0,"22":0,"23":0,"24":0,"25":0,"26":0,"27":0,"28":0,"29":0,"30":0},"f":{"0":0,"1":0,"2":0,"3":0,"4":0,"5":0,"6":0,"7":0},"b":{"0":[0],"1":[0,0],"2":[0,0],"3":[0],"4":[0]}}
,"/app/src/lib/bookings.ts": {"path":"/app/src/lib/bookings.ts","statementMap":{"0":{"start":{"line":12,"column":13},"end":{"line":12,"column":24}},"1":{"start":{"line":44,"column":13},"end":{"line":44,"column":24}},"2":{"start":{"line":1,"column":16},"end":{"line":1,"column":null}},"3":{"start":{"line":12,"column":27},"end":{"line":42,"column":null}},"4":{"start":{"line":15,"column":21},"end":{"line":15,"column":null}},"5":{"start":{"line":16,"column":4},"end":{"line":16,"column":null}},"6":{"start":{"line":21,"column":21},"end":{"line":21,"column":null}},"7":{"start":{"line":22,"column":4},"end":{"line":22,"column":null}},"8":{"start":{"line":27,"column":21},"end":{"line":27,"column":null}},"9":{"start":{"line":28,"column":4},"end":{"line":28,"column":null}},"10":{"start":{"line":33,"column":21},"end":{"line":33,"column":null}},"11":{"start":{"line":34,"column":4},"end":{"line":34,"column":null}},"12":{"start":{"line":39,"column":21},"end":{"line":39,"column":null}},"13":{"start":{"line":40,"column":4},"end":{"line":40,"column":null}},"14":{"start":{"line":44,"column":27},"end":{"line":79,"column":null}},"15":{"start":{"line":47,"column":19},"end":{"line":47,"column":null}},"16":{"start":{"line":48,"column":4},"end":{"line":48,"column":null}},"17":{"start":{"line":48,"column":20},"end":{"line":48,"column":null}},"18":{"start":{"line":49,"column":4},"end":{"line":49,"column":null}},"19":{"start":{"line":49,"column":19},"end":{"line":49,"column":null}},"20":{"start":{"line":51,"column":21},"end":{"line":51,"column":null}},"21":{"start":{"line":52,"column":4},"end":{"line":52,"column":null}},"22":{"start":{"line":61,"column":21},"end":{"line":61,"column":null}},"23":{"start":{"line":62,"column":4},"end":{"line":62,"column":null}},"24":{"start":{"line":67,"column":4},"end":{"line":67,"column":null}},"25":{"start":{"line":76,"column":21},"end":{"line":76,"column":null}},"26":{"start":{"line":77,"column":4},"end":{"line":77,"column":null}}},"fnMap":{"0":{"name":"(anonymous_4)","decl":{"start":{"line":14,"column":17},"end":{"line":14,"column":24}},"loc":{"start":{"line":14,"column":24},"end":{"line":17,"column":null}}},"1":{"name":"(anonymous_5)","decl":{"start":{"line":20,"column":14},"end":{"line":20,"column":21}},"loc":{"start":{"line":20,"column":21},"end":{"line":23,"column":null}}},"2":{"name":"(anonymous_6)","decl":{"start":{"line":26,"column":18},"end":{"line":26,"column":25}},"loc":{"start":{"line":26,"column":25},"end":{"line":29,"column":null}}},"3":{"name":"(anonymous_7)","decl":{"start":{"line":32,"column":17},"end":{"line":32,"column":24}},"loc":{"start":{"line":32,"column":43},"end":{"line":35,"column":null}}},"4":{"name":"(anonymous_8)","decl":{"start":{"line":38,"column":17},"end":{"line":38,"column":24}},"loc":{"start":{"line":38,"column":43},"end":{"line":41,"column":null}}},"5":{"name":"(anonymous_9)","decl":{"start":{"line":46,"column":15},"end":{"line":46,"column":22}},"loc":{"start":{"line":46,"column":43},"end":{"line":53,"column":null}}},"6":{"name":"(anonymous_10)","decl":{"start":{"line":56,"column":15},"end":{"line":56,"column":22}},"loc":{"start":{"line":56,"column":22},"end":{"line":63,"column":null}}},"7":{"name":"(anonymous_11)","decl":{"start":{"line":66,"column":14},"end":{"line":66,"column":21}},"loc":{"start":{"line":66,"column":21},"end":{"line":68,"column":null}}},"8":{"name":"(anonymous_12)","decl":{"start":{"line":71,"column":20},"end":{"line":71,"column":null}},"loc":{"start":{"line":71,"column":20},"end":{"line":78,"column":null}}}},"branchMap":{"0":{"loc":{"start":{"line":48,"column":4},"end":{"line":48,"column":null}},"type":"if","locations":[{"start":{"line":48,"column":4},"end":{"line":48,"column":null}}]},"1":{"loc":{"start":{"line":49,"column":4},"end":{"line":49,"column":null}},"type":"if","locations":[{"start":{"line":49,"column":4},"end":{"line":49,"column":null}}]}},"s":{"0":0,"1":0,"2":0,"3":0,"4":0,"5":0,"6":0,"7":0,"8":0,"9":0,"10":0,"11":0,"12":0,"13":0,"14":0,"15":0,"16":0,"17":0,"18":0,"19":0,"20":0,"21":0,"22":0,"23":0,"24":0,"25":0,"26":0},"f":{"0":0,"1":0,"2":0,"3":0,"4":0,"5":0,"6":0,"7":0,"8":0},"b":{"0":[0],"1":[0]}}
,"/app/src/lib/hosts.ts": {"path":"/app/src/lib/hosts.ts","statementMap":{"0":{"start":{"line":15,"column":13},"end":{"line":15,"column":24}},"1":{"start":{"line":1,"column":16},"end":{"line":1,"column":null}},"2":{"start":{"line":15,"column":24},"end":{"line":75,"column":null}},"3":{"start":{"line":18,"column":19},"end":{"line":18,"column":null}},"4":{"start":{"line":20,"column":4},"end":{"line":28,"column":null}},"5":{"start":{"line":21,"column":6},"end":{"line":27,"column":null}},"6":{"start":{"line":22,"column":8},"end":{"line":26,"column":null}},"7":{"start":{"line":23,"column":10},"end":{"line":23,"column":null}},"8":{"start":{"line":23,"column":29},"end":{"line":23,"column":null}},"9":{"start":{"line":25,"column":10},"end":{"line":25,"column":null}},"10":{"start":{"line":30,"column":4},"end":{"line":30,"column":null}},"11":{"start":{"line":31,"column":4},"end":{"line":31,"column":null}},"12":{"start":{"line":33,"column":21},"end":{"line":33,"column":null}},"13":{"start":{"line":34,"column":4},"end":{"line":34,"column":null}},"14":{"start":{"line":39,"column":19},"end":{"line":39,"column":null}},"15":{"start":{"line":41,"column":4},"end":{"line":49,"column":null}},"16":{"start":{"line":42,"column":6},"end":{"line":48,"column":null}},"17":{"start":{"line":43,"column":8},"end":{"line":47,"column":null}},"18":{"start":{"line":44,"column":10},"end":{"line":44,"column":null}},"19":{"start":{"line":44,"column":29},"end":{"line":44,"column":null}},"20":{"start":{"line":46,"column":10},"end":{"line":46,"column":null}},"21":{"start":{"line":51,"column":4},"end":{"line":51,"column":null}},"22":{"start":{"line":52,"column":4},"end":{"line":52,"column":null}},"23":{"start":{"line":54,"column":21},"end":{"line":54,"column":null}},"24":{"start":{"line":55,"column":4},"end":{"line":55,"column":null}},"25":{"start":{"line":60,"column":21},"end":{"line":60,"column":null}},"26":{"start":{"line":61,"column":4},"end":{"line":61,"column":null}},"27":{"start":{"line":66,"column":21},"end":{"line":66,"column":null}},"28":{"start":{"line":67,"column":4},"end":{"line":67,"column":null}},"29":{"start":{"line":72,"column":21},"end":{"line":72,"column":null}},"30":{"start":{"line":73,"column":4},"end":{"line":73,"column":null}}},"fnMap":{"0":{"name":"(anonymous_2)","decl":{"start":{"line":17,"column":15},"end":{"line":17,"column":22}},"loc":{"start":{"line":17,"column":81},"end":{"line":35,"column":null}}},"1":{"name":"(anonymous_3)","decl":{"start":{"line":20,"column":36},"end":{"line":20,"column":37}},"loc":{"start":{"line":20,"column":49},"end":{"line":28,"column":null}}},"2":{"name":"(anonymous_4)","decl":{"start":{"line":23,"column":24},"end":{"line":23,"column":29}},"loc":{"start":{"line":23,"column":29},"end":{"line":23,"column":null}}},"3":{"name":"(anonymous_5)","decl":{"start":{"line":38,"column":20},"end":{"line":38,"column":27}},"loc":{"start":{"line":38,"column":86},"end":{"line":56,"column":null}}},"4":{"name":"(anonymous_6)","decl":{"start":{"line":41,"column":36},"end":{"line":41,"column":37}},"loc":{"start":{"line":41,"column":49},"end":{"line":49,"column":null}}},"5":{"name":"(anonymous_7)","decl":{"start":{"line":44,"column":24},"end":{"line":44,"column":29}},"loc":{"start":{"line":44,"column":29},"end":{"line":44,"column":null}}},"6":{"name":"(anonymous_8)","decl":{"start":{"line":59,"column":11},"end":{"line":59,"column":18}},"loc":{"start":{"line":59,"column":18},"end":{"line":62,"column":null}}},"7":{"name":"(anonymous_9)","decl":{"start":{"line":65,"column":19},"end":{"line":65,"column":26}},"loc":{"start":{"line":65,"column":44},"end":{"line":68,"column":null}}},"8":{"name":"(anonymous_10)","decl":{"start":{"line":71,"column":18},"end":{"line":71,"column":25}},"loc":{"start":{"line":71,"column":43},"end":{"line":74,"column":null}}}},"branchMap":{"0":{"loc":{"start":{"line":17,"column":46},"end":{"line":17,"column":62}},"type":"default-arg","locations":[{"start":{"line":17,"column":61},"end":{"line":17,"column":62}}]},"1":{"loc":{"start":{"line":17,"column":64},"end":{"line":17,"column":81}},"type":"default-arg","locations":[{"start":{"line":17,"column":79},"end":{"line":17,"column":81}}]},"2":{"loc":{"start":{"line":21,"column":6},"end":{"line":27,"column":null}},"type":"if","locations":[{"start":{"line":21,"column":6},"end":{"line":27,"column":null}}]},"3":{"loc":{"start":{"line":21,"column":10},"end":{"line":21,"column":65}},"type":"binary-expr","locations":[{"start":{"line":21,"column":10},"end":{"line":21,"column":33}},{"start":{"line":21,"column":33},"end":{"line":21,"column":51}},{"start":{"line":21,"column":51},"end":{"line":21,"column":65}}]},"4":{"loc":{"start":{"line":22,"column":8},"end":{"line":26,"column":null}},"type":"if","locations":[{"start":{"line":22,"column":8},"end":{"line":26,"column":null}},{"start":{"line":24,"column":15},"end":{"line":26,"column":null}}]},"5":{"loc":{"start":{"line":38,"column":51},"end":{"line":38,"column":67}},"type":"default-arg","locations":[{"start":{"line":38,"column":66},"end":{"line":38,"column":67}}]},"6":{"loc":{"start":{"line":38,"column":69},"end":{"line":38,"column":86}},"type":"default-arg","locations":[{"start":{"line":38,"column":84},"end":{"line":38,"column":86}}]},"7":{"loc":{"start":{"line":42,"column":6},"end":{"line":48,"column":null}},"type":"if","locations":[{"start":{"line":42,"column":6},"end":{"line":48,"column":null}}]},"8":{"loc":{"start":{"line":42,"column":10},"end":{"line":42,"column":65}},"type":"binary-expr","locations":[{"start":{"line":42,"column":10},"end":{"line":42,"column":33}},{"start":{"line":42,"column":33},"end":{"line":42,"column":51}},{"start":{"line":42,"column":51},"end":{"line":42,"column":65}}]},"9":{"loc":{"start":{"line":43,"column":8},"end":{"line":47,"column":null}},"type":"if","locations":[{"start":{"line":43,"column":8},"end":{"line":47,"column":null}},{"start":{"line":45,"column":15},"end":{"line":47,"column":null}}]},"10":{"loc":{"start":{"line":65,"column":26},"end":{"line":65,"column":44}},"type":"default-arg","locations":[{"start":{"line":65,"column":42},"end":{"line":65,"column":44}}]},"11":{"loc":{"start":{"line":71,"column":25},"end":{"line":71,"column":43}},"type":"default-arg","locations":[{"start":{"line":71,"column":41},"end":{"line":71,"column":43}}]}},"s":{"0":0,"1":0,"2":0,"3":0,"4":0,"5":0,"6":0,"7":0,"8":0,"9":0,"10":0,"11":0,"12":0,"13":0,"14":0,"15":0,"16":0,"17":0,"18":0,"19":0,"20":0,"21":0,"22":0,"23":0,"24":0,"25":0,"26":0,"27":0,"28":0,"29":0,"30":0},"f":{"0":0,"1":0,"2":0,"3":0,"4":0,"5":0,"6":0,"7":0,"8":0},"b":{"0":[0],"1":[0],"2":[0],"3":[0,0,0],"4":[0,0],"5":[0],"6":[0],"7":[0],"8":[0,0,0],"9":[0,0],"10":[0],"11":[0]}}
,"/app/src/lib/query-client.ts": {"path":"/app/src/lib/query-client.ts","statementMap":{"0":{"start":{"line":3,"column":13},"end":{"line":3,"column":27}},"1":{"start":{"line":1,"column":28},"end":{"line":1,"column":null}},"2":{"start":{"line":3,"column":27},"end":{"line":14,"column":null}}},"fnMap":{},"branchMap":{},"s":{"0":0,"1":0,"2":0},"f":{},"b":{}}
,"/app/src/lib/users.ts": {"path":"/app/src/lib/users.ts","statementMap":{"0":{"start":{"line":4,"column":13},"end":{"line":4,"column":24}},"1":{"start":{"line":1,"column":16},"end":{"line":1,"column":null}},"2":{"start":{"line":4,"column":24},"end":{"line":50,"column":null}},"3":{"start":{"line":7,"column":21},"end":{"line":7,"column":null}},"4":{"start":{"line":8,"column":4},"end":{"line":8,"column":null}},"5":{"start":{"line":13,"column":21},"end":{"line":13,"column":null}},"6":{"start":{"line":14,"column":4},"end":{"line":14,"column":null}},"7":{"start":{"line":19,"column":21},"end":{"line":19,"column":null}},"8":{"start":{"line":20,"column":4},"end":{"line":20,"column":null}},"9":{"start":{"line":25,"column":21},"end":{"line":25,"column":null}},"10":{"start":{"line":26,"column":4},"end":{"line":26,"column":null}},"11":{"start":{"line":31,"column":4},"end":{"line":31,"column":null}},"12":{"start":{"line":36,"column":4},"end":{"line":36,"column":null}},"13":{"start":{"line":41,"column":21},"end":{"line":41,"column":null}},"14":{"start":{"line":42,"column":4},"end":{"line":42,"column":null}},"15":{"start":{"line":43,"column":21},"end":{"line":47,"column":null}},"16":{"start":{"line":48,"column":4},"end":{"line":48,"column":null}}},"fnMap":{"0":{"name":"(anonymous_2)","decl":{"start":{"line":6,"column":14},"end":{"line":6,"column":null}},"loc":{"start":{"line":6,"column":14},"end":{"line":9,"column":null}}},"1":{"name":"(anonymous_3)","decl":{"start":{"line":12,"column":17},"end":{"line":12,"column":24}},"loc":{"start":{"line":12,"column":24},"end":{"line":15,"column":null}}},"2":{"name":"(anonymous_4)","decl":{"start":{"line":18,"column":15},"end":{"line":18,"column":null}},"loc":{"start":{"line":18,"column":15},"end":{"line":21,"column":null}}},"3":{"name":"(anonymous_5)","decl":{"start":{"line":24,"column":20},"end":{"line":24,"column":null}},"loc":{"start":{"line":24,"column":20},"end":{"line":27,"column":null}}},"4":{"name":"(anonymous_6)","decl":{"start":{"line":30,"column":19},"end":{"line":30,"column":26}},"loc":{"start":{"line":30,"column":26},"end":{"line":32,"column":null}}},"5":{"name":"(anonymous_7)","decl":{"start":{"line":35,"column":22},"end":{"line":35,"column":29}},"loc":{"start":{"line":35,"column":29},"end":{"line":37,"column":null}}},"6":{"name":"(anonymous_8)","decl":{"start":{"line":40,"column":22},"end":{"line":40,"column":29}},"loc":{"start":{"line":40,"column":29},"end":{"line":49,"column":null}}}},"branchMap":{},"s":{"0":0,"1":0,"2":0,"3":0,"4":0,"5":0,"6":0,"7":0,"8":0,"9":0,"10":0,"11":0,"12":0,"13":0,"14":0,"15":0,"16":0},"f":{"0":0,"1":0,"2":0,"3":0,"4":0,"5":0,"6":0},"b":{}}
,"/app/src/lib/utils.ts": {"path":"/app/src/lib/utils.ts","statementMap":{"0":{"start":{"line":3,"column":16},"end":{"line":3,"column":18}},"1":{"start":{"line":7,"column":16},"end":{"line":7,"column":26}},"2":{"start":{"line":15,"column":16},"end":{"line":15,"column":30}},"3":{"start":{"line":22,"column":16},"end":{"line":22,"column":28}},"4":{"start":{"line":1,"column":38},"end":{"line":1,"column":null}},"5":{"start":{"line":4,"column":2},"end":{"line":4,"column":null}},"6":{"start":{"line":8,"column":2},"end":{"line":12,"column":null}},"7":{"start":{"line":16,"column":2},"end":{"line":19,"column":null}},"8":{"start":{"line":23,"column":2},"end":{"line":23,"column":null}},"9":{"start":{"line":23,"column":32},"end":{"line":23,"column":null}},"10":{"start":{"line":24,"column":2},"end":{"line":24,"column":null}}},"fnMap":{"0":{"name":"cn","decl":{"start":{"line":3,"column":16},"end":{"line":3,"column":18}},"loc":{"start":{"line":3,"column":42},"end":{"line":5,"column":null}}},"1":{"name":"formatDate","decl":{"start":{"line":7,"column":16},"end":{"line":7,"column":26}},"loc":{"start":{"line":7,"column":46},"end":{"line":13,"column":null}}},"2":{"name":"formatCurrency","decl":{"start":{"line":15,"column":16},"end":{"line":15,"column":30}},"loc":{"start":{"line":15,"column":45},"end":{"line":20,"column":null}}},"3":{"name":"truncateText","decl":{"start":{"line":22,"column":16},"end":{"line":22,"column":28}},"loc":{"start":{"line":22,"column":60},"end":{"line":25,"column":null}}}},"branchMap":{"0":{"loc":{"start":{"line":23,"column":2},"end":{"line":23,"column":null}},"type":"if","locations":[{"start":{"line":23,"column":2},"end":{"line":23,"column":null}}]}},"s":{"0":155,"1":0,"2":0,"3":0,"4":5,"5":155,"6":0,"7":0,"8":0,"9":0,"10":0},"f":{"0":155,"1":0,"2":0,"3":0},"b":{"0":[0]}}
}
