TN:
SF:src/components/auth/ProtectedRoute.tsx
FN:10,(anonymous_4)
FN:17,(anonymous_5)
FNF:2
FNH:0
FNDA:0,(anonymous_4)
FNDA:0,(anonymous_5)
DA:1,0
DA:2,0
DA:3,0
DA:10,0
DA:14,0
DA:15,0
DA:17,0
DA:18,0
DA:19,0
DA:23,0
DA:31,0
DA:32,0
DA:38,0
LF:13
LH:0
BRDA:12,0,0,0
BRDA:18,1,0,0
BRDA:18,2,0,0
BRDA:18,2,1,0
BRDA:23,3,0,0
BRDA:31,4,0,0
BRF:6
BRH:0
end_of_record
TN:
SF:src/components/hosts/HostCard.tsx
FN:16,(anonymous_2)
FN:23,(anonymous_3)
FN:62,(anonymous_4)
FN:115,(anonymous_5)
FN:131,(anonymous_6)
FNF:5
FNH:3
FNDA:6,(anonymous_2)
FNDA:12,(anonymous_3)
FNDA:0,(anonymous_4)
FNDA:12,(anonymous_5)
FNDA:0,(anonymous_6)
DA:1,1
DA:2,1
DA:4,1
DA:5,1
DA:6,1
DA:16,1
DA:23,6
DA:24,12
DA:38,6
DA:63,0
DA:64,0
DA:116,12
DA:132,0
DA:168,6
LF:14
LH:11
BRDA:21,0,0,6
BRDA:24,1,0,6
BRDA:24,1,1,0
BRDA:24,1,2,0
BRDA:24,1,3,0
BRDA:24,1,4,6
BRDA:48,2,0,6
BRDA:47,3,0,6
BRDA:47,3,1,6
BRDA:60,4,0,6
BRDA:67,5,0,0
BRDA:67,5,1,1
BRDA:72,6,0,0
BRDA:72,6,1,1
BRDA:77,7,0,6
BRDA:113,8,0,6
BRDA:113,8,1,6
BRDA:121,9,0,6
BRDA:128,10,0,6
BRDA:128,10,1,0
BRDA:139,11,0,0
BRDA:149,12,0,6
BRF:22
BRH:15
end_of_record
TN:
SF:src/components/hosts/SearchFilters.tsx
FN:28,(anonymous_2)
FN:49,(anonymous_3)
FN:58,(anonymous_4)
FN:59,(anonymous_5)
FN:61,(anonymous_6)
FN:66,(anonymous_7)
FN:67,(anonymous_8)
FN:69,(anonymous_9)
FN:74,(anonymous_10)
FN:87,(anonymous_11)
FN:102,(anonymous_12)
FN:170,(anonymous_13)
FN:174,(anonymous_14)
FN:193,(anonymous_15)
FN:197,(anonymous_16)
FNF:15
FNH:3
FNDA:10,(anonymous_2)
FNDA:10,(anonymous_3)
FNDA:0,(anonymous_4)
FNDA:0,(anonymous_5)
FNDA:0,(anonymous_6)
FNDA:0,(anonymous_7)
FNDA:0,(anonymous_8)
FNDA:0,(anonymous_9)
FNDA:1,(anonymous_10)
FNDA:0,(anonymous_11)
FNDA:0,(anonymous_12)
FNDA:0,(anonymous_13)
FNDA:0,(anonymous_14)
FNDA:0,(anonymous_15)
FNDA:0,(anonymous_16)
DA:1,1
DA:2,1
DA:3,1
DA:4,1
DA:5,1
DA:7,1
DA:16,1
DA:21,1
DA:28,1
DA:34,10
DA:35,10
DA:36,10
DA:43,10
DA:47,10
DA:49,10
DA:50,10
DA:55,10
DA:58,10
DA:59,0
DA:60,0
DA:61,0
DA:66,10
DA:67,0
DA:68,0
DA:69,0
DA:74,10
DA:75,1
DA:83,1
DA:84,1
DA:87,10
DA:88,0
DA:102,0
DA:171,0
DA:174,0
DA:194,0
DA:197,0
DA:238,9
LF:37
LH:25
BRDA:32,0,0,10
BRDA:35,1,0,10
BRDA:35,1,1,0
BRDA:36,2,0,10
BRDA:36,2,1,10
BRDA:60,3,0,0
BRDA:60,3,1,0
BRDA:68,4,0,0
BRDA:68,4,1,0
BRDA:105,5,0,0
BRDA:105,5,1,10
BRDA:141,6,0,10
BRDA:176,7,0,0
BRDA:176,7,1,0
BRDA:199,8,0,0
BRDA:199,8,1,0
BRF:16
BRH:6
end_of_record
TN:
SF:src/components/layout/BottomNavigation.tsx
FN:8,(anonymous_2)
FN:60,(anonymous_3)
FNF:2
FNH:0
FNDA:0,(anonymous_2)
FNDA:0,(anonymous_3)
DA:1,0
DA:2,0
DA:3,0
DA:4,0
DA:5,0
DA:6,0
DA:8,0
DA:9,0
DA:10,0
DA:11,0
DA:13,0
DA:15,0
DA:61,0
DA:62,0
DA:84,0
LF:15
LH:0
BRDA:13,0,0,0
BRDA:28,1,0,0
BRDA:28,1,1,0
BRDA:52,2,0,0
BRDA:52,2,1,0
BRDA:67,3,0,0
BRDA:67,3,1,0
BRDA:72,4,0,0
BRDA:72,4,1,0
BRDA:73,5,0,0
BRDA:73,5,1,0
BRF:11
BRH:0
end_of_record
TN:
SF:src/components/layout/Footer.tsx
FN:4,(anonymous_2)
FNF:1
FNH:0
FNDA:0,(anonymous_2)
DA:1,0
DA:2,0
DA:4,0
DA:88,0
LF:4
LH:0
BRF:0
BRH:0
end_of_record
TN:
SF:src/components/layout/Header.tsx
FN:8,(anonymous_2)
FN:73,(anonymous_3)
FNF:2
FNH:0
FNDA:0,(anonymous_2)
FNDA:0,(anonymous_3)
DA:1,0
DA:2,0
DA:3,0
DA:4,0
DA:5,0
DA:6,0
DA:8,0
DA:9,0
DA:10,0
DA:11,0
DA:73,0
DA:130,0
LF:12
LH:0
BRDA:34,0,0,0
BRDA:70,1,0,0
BRDA:76,2,0,0
BRDA:85,3,0,0
BRDA:95,4,0,0
BRF:5
BRH:0
end_of_record
TN:
SF:src/components/layout/Layout.tsx
FN:14,(anonymous_2)
FNF:1
FNH:0
FNDA:0,(anonymous_2)
DA:1,0
DA:2,0
DA:3,0
DA:4,0
DA:5,0
DA:14,0
DA:20,0
DA:34,0
LF:8
LH:0
BRDA:16,0,0,0
BRDA:17,1,0,0
BRDA:18,2,0,0
BRDA:24,3,0,0
BRDA:24,3,1,0
BRDA:25,4,0,0
BRDA:25,4,1,0
BRDA:25,5,0,0
BRDA:25,5,1,0
BRDA:28,6,0,0
BRDA:28,6,1,0
BRDA:28,6,2,0
BRDA:29,7,0,0
BRDA:29,7,1,0
BRF:14
BRH:0
end_of_record
TN:
SF:src/components/ui/Button.tsx
FN:12,(anonymous_2)
FNF:1
FNH:1
FNDA:46,(anonymous_2)
DA:1,3
DA:2,3
DA:11,3
DA:13,46
DA:15,46
DA:23,46
DA:53,3
DA:55,46
LF:8
LH:8
BRDA:12,0,0,23
BRDA:12,1,0,29
BRDA:12,2,0,35
BRDA:38,3,0,46
BRDA:38,3,1,45
BRDA:41,4,0,46
BRF:6
BRH:6
end_of_record
TN:
SF:src/components/ui/Card.tsx
FN:9,(anonymous_6)
FN:28,(anonymous_7)
FN:44,(anonymous_8)
FN:60,(anonymous_9)
FNF:4
FNH:4
FNDA:19,(anonymous_6)
FNDA:12,(anonymous_7)
FNDA:12,(anonymous_8)
FNDA:18,(anonymous_9)
DA:1,3
DA:2,3
DA:8,3
DA:25,3
DA:27,3
DA:41,3
DA:43,3
DA:57,3
DA:59,3
DA:69,3
DA:71,19
LF:11
LH:11
BRF:0
BRH:0
end_of_record
TN:
SF:src/components/ui/Input.tsx
FN:11,(anonymous_2)
FNF:1
FNH:1
FNDA:48,(anonymous_2)
DA:1,2
DA:2,2
DA:10,2
DA:40,2
DA:42,48
LF:5
LH:5
BRDA:11,0,0,16
BRDA:14,1,0,48
BRDA:23,2,0,48
BRDA:23,2,1,2
BRDA:29,3,0,48
BRDA:32,4,0,48
BRDA:32,4,1,2
BRF:7
BRH:7
end_of_record
TN:
SF:src/components/ui/OptimizedImage.tsx
FN:16,(anonymous_4)
FN:36,(anonymous_5)
FN:40,(anonymous_6)
FN:53,(anonymous_7)
FN:58,(anonymous_8)
FN:63,(anonymous_9)
FN:68,(anonymous_10)
FN:83,(anonymous_11)
FNF:8
FNH:0
FNDA:0,(anonymous_4)
FNDA:0,(anonymous_5)
FNDA:0,(anonymous_6)
FNDA:0,(anonymous_7)
FNDA:0,(anonymous_8)
FNDA:0,(anonymous_9)
FNDA:0,(anonymous_10)
FNDA:0,(anonymous_11)
DA:1,0
DA:2,0
DA:16,0
DA:29,0
DA:30,0
DA:31,0
DA:32,0
DA:33,0
DA:36,0
DA:37,0
DA:39,0
DA:41,0
DA:42,0
DA:43,0
DA:49,0
DA:50,0
DA:53,0
DA:54,0
DA:58,0
DA:59,0
DA:60,0
DA:63,0
DA:64,0
DA:65,0
DA:68,0
DA:69,0
DA:71,0
DA:73,0
DA:75,0
DA:77,0
DA:79,0
DA:83,0
DA:84,0
DA:86,0
DA:88,0
DA:90,0
DA:92,0
DA:94,0
DA:96,0
DA:100,0
DA:106,0
DA:115,0
DA:163,0
LF:43
LH:0
BRDA:20,0,0,0
BRDA:22,1,0,0
BRDA:23,2,0,0
BRDA:37,3,0,0
BRDA:37,4,0,0
BRDA:37,4,1,0
BRDA:41,5,0,0
BRDA:49,6,0,0
BRDA:69,7,0,0
BRDA:69,7,1,0
BRDA:69,7,2,0
BRDA:69,7,3,0
BRDA:69,7,4,0
BRDA:84,8,0,0
BRDA:84,8,1,0
BRDA:84,8,2,0
BRDA:84,8,3,0
BRDA:84,8,4,0
BRDA:84,8,5,0
BRDA:110,9,0,0
BRDA:110,9,1,0
BRDA:111,10,0,0
BRDA:111,10,1,0
BRDA:118,11,0,0
BRDA:118,11,1,0
BRDA:119,12,0,0
BRDA:119,12,1,0
BRDA:121,13,0,0
BRDA:121,13,1,0
BRDA:129,14,0,0
BRDA:136,15,0,0
BRDA:139,16,0,0
BRDA:139,16,1,0
BRDA:139,17,0,0
BRDA:139,17,1,0
BRDA:144,18,0,0
BRDA:144,18,1,0
BRDA:151,19,0,0
BRDA:151,19,1,0
BRF:39
BRH:0
end_of_record
TN:
SF:src/contexts/AuthContext.tsx
FN:18,(anonymous_7)
FN:30,(anonymous_8)
FN:36,(anonymous_9)
FN:37,(anonymous_10)
FN:54,(anonymous_11)
FN:68,(anonymous_12)
FN:82,(anonymous_13)
FNF:7
FNH:0
FNDA:0,(anonymous_7)
FNDA:0,(anonymous_8)
FNDA:0,(anonymous_9)
FNDA:0,(anonymous_10)
FNDA:0,(anonymous_11)
FNDA:0,(anonymous_12)
FNDA:0,(anonymous_13)
DA:1,0
DA:2,0
DA:4,0
DA:5,0
DA:16,0
DA:18,0
DA:19,0
DA:20,0
DA:21,0
DA:23,0
DA:30,0
DA:31,0
DA:32,0
DA:33,0
DA:36,0
DA:37,0
DA:38,0
DA:39,0
DA:40,0
DA:41,0
DA:42,0
DA:45,0
DA:48,0
DA:51,0
DA:54,0
DA:55,0
DA:56,0
DA:57,0
DA:58,0
DA:59,0
DA:60,0
DA:62,0
DA:63,0
DA:64,0
DA:68,0
DA:69,0
DA:70,0
DA:71,0
DA:72,0
DA:73,0
DA:74,0
DA:76,0
DA:77,0
DA:78,0
DA:82,0
DA:83,0
DA:84,0
DA:85,0
DA:86,0
DA:89,0
LF:50
LH:0
BRDA:20,0,0,0
BRDA:39,1,0,0
BRDA:62,2,0,0
BRDA:62,2,1,0
BRDA:76,3,0,0
BRDA:76,3,1,0
BRF:6
BRH:0
end_of_record
TN:
SF:src/hooks/useResponsive.ts
FN:19,(anonymous_4)
FN:26,(anonymous_5)
FN:27,(anonymous_6)
FN:36,(anonymous_7)
FN:58,(anonymous_8)
FN:59,(anonymous_9)
FN:64,(anonymous_10)
FN:67,(anonymous_11)
FN:68,(anonymous_12)
FN:76,(anonymous_13)
FN:86,(anonymous_14)
FN:89,(anonymous_15)
FN:90,(anonymous_16)
FNF:13
FNH:0
FNDA:0,(anonymous_4)
FNDA:0,(anonymous_5)
FNDA:0,(anonymous_6)
FNDA:0,(anonymous_7)
FNDA:0,(anonymous_8)
FNDA:0,(anonymous_9)
FNDA:0,(anonymous_10)
FNDA:0,(anonymous_11)
FNDA:0,(anonymous_12)
FNDA:0,(anonymous_13)
FNDA:0,(anonymous_14)
FNDA:0,(anonymous_15)
FNDA:0,(anonymous_16)
DA:1,0
DA:11,0
DA:19,0
DA:20,0
DA:21,0
DA:26,0
DA:27,0
DA:28,0
DA:34,0
DA:35,0
DA:36,0
DA:39,0
DA:40,0
DA:41,0
DA:42,0
DA:45,0
DA:51,0
DA:58,0
DA:59,0
DA:64,0
DA:65,0
DA:67,0
DA:68,0
DA:69,0
DA:72,0
DA:73,0
DA:74,0
DA:76,0
DA:77,0
DA:78,0
DA:82,0
DA:86,0
DA:87,0
DA:89,0
DA:90,0
DA:91,0
DA:99,0
DA:102,0
LF:38
LH:0
BRDA:19,0,0,0
BRDA:40,1,0,0
BRDA:40,1,1,0
BRDA:45,2,0,0
BRDA:45,2,1,0
BRDA:46,3,0,0
BRDA:46,3,1,0
BRDA:47,4,0,0
BRDA:47,4,1,0
BRDA:48,5,0,0
BRDA:48,5,1,0
BRDA:92,6,0,0
BRDA:92,6,1,0
BRDA:92,6,2,0
BRF:14
BRH:0
end_of_record
TN:
SF:src/hooks/useSwipe.ts
FN:17,(anonymous_3)
FN:22,(anonymous_4)
FN:30,(anonymous_5)
FN:37,(anonymous_6)
FN:74,(anonymous_7)
FN:80,(anonymous_8)
FN:81,(anonymous_9)
FN:84,(anonymous_10)
FN:85,(anonymous_11)
FNF:9
FNH:0
FNDA:0,(anonymous_3)
FNDA:0,(anonymous_4)
FNDA:0,(anonymous_5)
FNDA:0,(anonymous_6)
FNDA:0,(anonymous_7)
FNDA:0,(anonymous_8)
FNDA:0,(anonymous_9)
FNDA:0,(anonymous_10)
FNDA:0,(anonymous_11)
DA:1,0
DA:17,0
DA:18,0
DA:19,0
DA:20,0
DA:22,0
DA:23,0
DA:24,0
DA:30,0
DA:31,0
DA:37,0
DA:38,0
DA:40,0
DA:41,0
DA:42,0
DA:43,0
DA:44,0
DA:45,0
DA:47,0
DA:49,0
DA:50,0
DA:52,0
DA:53,0
DA:57,0
DA:58,0
DA:60,0
DA:61,0
DA:66,0
DA:74,0
DA:78,0
DA:80,0
DA:81,0
DA:84,0
DA:85,0
DA:88,0
DA:93,0
LF:36
LH:0
BRDA:20,0,0,0
BRDA:20,0,1,0
BRDA:38,1,0,0
BRDA:38,2,0,0
BRDA:38,2,1,0
BRDA:47,3,0,0
BRDA:47,3,1,0
BRDA:49,4,0,0
BRDA:49,5,0,0
BRDA:49,5,1,0
BRDA:52,6,0,0
BRDA:52,7,0,0
BRDA:52,7,1,0
BRDA:57,8,0,0
BRDA:57,9,0,0
BRDA:57,9,1,0
BRDA:60,10,0,0
BRDA:60,11,0,0
BRDA:60,11,1,0
BRDA:76,12,0,0
BRF:20
BRH:0
end_of_record
TN:
SF:src/lib/api.ts
FN:14,(anonymous_4)
FN:21,(anonymous_5)
FN:28,(anonymous_6)
FN:29,(anonymous_7)
FNF:4
FNH:0
FNDA:0,(anonymous_4)
FNDA:0,(anonymous_5)
FNDA:0,(anonymous_6)
FNDA:0,(anonymous_7)
DA:1,0
DA:3,0
DA:5,0
DA:13,0
DA:15,0
DA:16,0
DA:17,0
DA:19,0
DA:22,0
DA:27,0
DA:28,0
DA:30,0
DA:32,0
DA:33,0
DA:34,0
DA:36,0
DA:40,0
LF:17
LH:0
BRDA:3,0,0,0
BRDA:3,0,1,0
BRDA:16,1,0,0
BRDA:30,2,0,0
BRF:4
BRH:0
end_of_record
TN:
SF:src/lib/auth.ts
FN:6,(anonymous_6)
FN:12,(anonymous_7)
FN:18,(anonymous_8)
FN:23,(anonymous_9)
FN:29,(anonymous_10)
FN:36,(anonymous_11)
FN:46,(anonymous_12)
FN:54,(anonymous_13)
FNF:8
FNH:0
FNDA:0,(anonymous_6)
FNDA:0,(anonymous_7)
FNDA:0,(anonymous_8)
FNDA:0,(anonymous_9)
FNDA:0,(anonymous_10)
FNDA:0,(anonymous_11)
FNDA:0,(anonymous_12)
FNDA:0,(anonymous_13)
DA:1,0
DA:4,0
DA:7,0
DA:8,0
DA:13,0
DA:14,0
DA:19,0
DA:24,0
DA:25,0
DA:30,0
DA:31,0
DA:36,0
DA:37,0
DA:39,0
DA:40,0
DA:42,0
DA:46,0
DA:47,0
DA:49,0
DA:50,0
DA:54,0
DA:55,0
DA:57,0
DA:58,0
LF:24
LH:0
BRDA:37,0,0,0
BRDA:42,1,0,0
BRDA:42,1,1,0
BRDA:42,2,0,0
BRDA:42,2,1,0
BRDA:47,3,0,0
BRDA:55,4,0,0
BRF:7
BRH:0
end_of_record
TN:
SF:src/lib/bookings.ts
FN:14,(anonymous_4)
FN:20,(anonymous_5)
FN:26,(anonymous_6)
FN:32,(anonymous_7)
FN:38,(anonymous_8)
FN:46,(anonymous_9)
FN:56,(anonymous_10)
FN:66,(anonymous_11)
FN:71,(anonymous_12)
FNF:9
FNH:0
FNDA:0,(anonymous_4)
FNDA:0,(anonymous_5)
FNDA:0,(anonymous_6)
FNDA:0,(anonymous_7)
FNDA:0,(anonymous_8)
FNDA:0,(anonymous_9)
FNDA:0,(anonymous_10)
FNDA:0,(anonymous_11)
FNDA:0,(anonymous_12)
DA:1,0
DA:12,0
DA:15,0
DA:16,0
DA:21,0
DA:22,0
DA:27,0
DA:28,0
DA:33,0
DA:34,0
DA:39,0
DA:40,0
DA:44,0
DA:47,0
DA:48,0
DA:49,0
DA:51,0
DA:52,0
DA:61,0
DA:62,0
DA:67,0
DA:76,0
DA:77,0
LF:23
LH:0
BRDA:48,0,0,0
BRDA:49,1,0,0
BRF:2
BRH:0
end_of_record
TN:
SF:src/lib/hosts.ts
FN:17,(anonymous_2)
FN:20,(anonymous_3)
FN:23,(anonymous_4)
FN:38,(anonymous_5)
FN:41,(anonymous_6)
FN:44,(anonymous_7)
FN:59,(anonymous_8)
FN:65,(anonymous_9)
FN:71,(anonymous_10)
FNF:9
FNH:0
FNDA:0,(anonymous_2)
FNDA:0,(anonymous_3)
FNDA:0,(anonymous_4)
FNDA:0,(anonymous_5)
FNDA:0,(anonymous_6)
FNDA:0,(anonymous_7)
FNDA:0,(anonymous_8)
FNDA:0,(anonymous_9)
FNDA:0,(anonymous_10)
DA:1,0
DA:15,0
DA:18,0
DA:20,0
DA:21,0
DA:22,0
DA:23,0
DA:25,0
DA:30,0
DA:31,0
DA:33,0
DA:34,0
DA:39,0
DA:41,0
DA:42,0
DA:43,0
DA:44,0
DA:46,0
DA:51,0
DA:52,0
DA:54,0
DA:55,0
DA:60,0
DA:61,0
DA:66,0
DA:67,0
DA:72,0
DA:73,0
LF:28
LH:0
BRDA:17,0,0,0
BRDA:17,1,0,0
BRDA:21,2,0,0
BRDA:21,3,0,0
BRDA:21,3,1,0
BRDA:21,3,2,0
BRDA:22,4,0,0
BRDA:22,4,1,0
BRDA:38,5,0,0
BRDA:38,6,0,0
BRDA:42,7,0,0
BRDA:42,8,0,0
BRDA:42,8,1,0
BRDA:42,8,2,0
BRDA:43,9,0,0
BRDA:43,9,1,0
BRDA:65,10,0,0
BRDA:71,11,0,0
BRF:18
BRH:0
end_of_record
TN:
SF:src/lib/query-client.ts
FNF:0
FNH:0
DA:1,0
DA:3,0
LF:2
LH:0
BRF:0
BRH:0
end_of_record
TN:
SF:src/lib/users.ts
FN:6,(anonymous_2)
FN:12,(anonymous_3)
FN:18,(anonymous_4)
FN:24,(anonymous_5)
FN:30,(anonymous_6)
FN:35,(anonymous_7)
FN:40,(anonymous_8)
FNF:7
FNH:0
FNDA:0,(anonymous_2)
FNDA:0,(anonymous_3)
FNDA:0,(anonymous_4)
FNDA:0,(anonymous_5)
FNDA:0,(anonymous_6)
FNDA:0,(anonymous_7)
FNDA:0,(anonymous_8)
DA:1,0
DA:4,0
DA:7,0
DA:8,0
DA:13,0
DA:14,0
DA:19,0
DA:20,0
DA:25,0
DA:26,0
DA:31,0
DA:36,0
DA:41,0
DA:42,0
DA:43,0
DA:48,0
LF:16
LH:0
BRF:0
BRH:0
end_of_record
TN:
SF:src/lib/utils.ts
FN:3,cn
FN:7,formatDate
FN:15,formatCurrency
FN:22,truncateText
FNF:4
FNH:1
FNDA:155,cn
FNDA:0,formatDate
FNDA:0,formatCurrency
FNDA:0,truncateText
DA:1,5
DA:3,155
DA:4,155
DA:7,0
DA:8,0
DA:15,0
DA:16,0
DA:22,0
DA:23,0
DA:24,0
LF:10
LH:3
BRDA:23,0,0,0
BRF:1
BRH:0
end_of_record
